#
# There is insufficient memory for the Java Runtime Environment to continue.
# Native memory allocation (malloc) failed to allocate 515920 bytes. Error detail: Chunk::new
# Possible reasons:
#   The system is out of physical RAM or swap space
#   This process is running with CompressedOops enabled, and the Java Heap may be blocking the growth of the native heap
# Possible solutions:
#   Reduce memory load on the system
#   Increase physical memory or swap space
#   Check if swap backing store is full
#   Decrease Java heap size (-Xmx/-Xms)
#   Decrease number of Java threads
#   Decrease Java thread stack sizes (-Xss)
#   Set larger code cache with -XX:ReservedCodeCacheSize=
#   JVM is running with Unscaled Compressed Oops mode in which the Java heap is
#     placed in the first 4GB address space. The Java Heap base address is the
#     maximum limit for the native heap growth. Please use -XX:HeapBaseMinAddress
#     to set the Java Heap base and to place the Java Heap above 4GB virtual address.
# This output file may be truncated or incomplete.
#
#  Out of Memory Error (arena.cpp:191), pid=23272, tid=12184
#
# JRE version: OpenJDK Runtime Environment Temurin-17.0.13+11 (17.0.13+11) (build 17.0.13+11)
# Java VM: OpenJDK 64-Bit Server VM Temurin-17.0.13+11 (17.0.13+11, mixed mode, tiered, compressed oops, compressed class ptrs, parallel gc, windows-amd64)
# No core dump will be written. Minidumps are not enabled by default on client versions of Windows
#

---------------  S U M M A R Y ------------

Command Line: --add-modules=ALL-SYSTEM --add-opens=java.base/java.util=ALL-UNNAMED --add-opens=java.base/java.lang=ALL-UNNAMED --add-opens=java.base/sun.nio.fs=ALL-UNNAMED -Declipse.application=org.eclipse.jdt.ls.core.id1 -Dosgi.bundles.defaultStartLevel=4 -Declipse.product=org.eclipse.jdt.ls.core.product -Djava.import.generatesMetadataFilesAtProjectRoot=false -DDetectVMInstallationsJob.disabled=true -Dfile.encoding=utf8 -XX:+UseParallelGC -XX:GCTimeRatio=4 -XX:AdaptiveSizePolicyWeight=90 -Dsun.zip.disableMemoryMapping=true -Xmx1G -Xms100m -Xlog:disable -javaagent:c:\Users\suder\.vscode\extensions\redhat.java-1.38.0-win32-x64\lombok\lombok-1.18.34.jar -XX:+HeapDumpOnOutOfMemoryError -XX:HeapDumpPath=c:\Users\suder\AppData\Roaming\Code\User\workspaceStorage\9de31b2568cc94b8fe881a6aa0c302a1\redhat.java -Daether.dependencyCollector.impl=bf c:\Users\suder\.vscode\extensions\redhat.java-1.38.0-win32-x64\server\plugins\org.eclipse.equinox.launcher_1.6.900.v20240613-2009.jar -configuration c:\Users\suder\AppData\Roaming\Code\User\globalStorage\redhat.java\1.38.0\config_win -data c:\Users\suder\AppData\Roaming\Code\User\workspaceStorage\9de31b2568cc94b8fe881a6aa0c302a1\redhat.java\jdt_ws --pipe=\\.\pipe\lsp-c72fee6854261f433efcd72f554d8225-sock

Host: Intel(R) Core(TM) i3-N305, 8 cores, 7G,  Windows 11 , 64 bit Build 22621 (10.0.22621.4830)
Time: Sat Feb 22 11:45:49 2025 India Standard Time elapsed time: 69.601420 seconds (0d 0h 1m 9s)

---------------  T H R E A D  ---------------

Current thread (0x0000019646c40680):  JavaThread "C2 CompilerThread0" daemon [_thread_in_native, id=12184, stack(0x00000002c4800000,0x00000002c4900000)]


Current CompileTask:
C2:  69601 8072       4       org.eclipse.jdt.internal.core.search.indexing.BinaryIndexer::extractReferenceFromConstantPool (358 bytes)

Stack: [0x00000002c4800000,0x00000002c4900000]
Native frames: (J=compiled Java code, j=interpreted, Vv=VM code, C=native code)
V  [jvm.dll+0x682a19]
V  [jvm.dll+0x839538]
V  [jvm.dll+0x83afe3]
V  [jvm.dll+0x83b653]
V  [jvm.dll+0x24704f]
V  [jvm.dll+0xace34]
V  [jvm.dll+0xad4cc]
V  [jvm.dll+0x11dd54]
V  [jvm.dll+0x614a93]
V  [jvm.dll+0x61312c]
V  [jvm.dll+0x217ece]
V  [jvm.dll+0x21748f]
V  [jvm.dll+0x1a3070]
V  [jvm.dll+0x22788c]
V  [jvm.dll+0x2259eb]
V  [jvm.dll+0x7eec98]
V  [jvm.dll+0x7e8ffc]
V  [jvm.dll+0x6818f7]
C  [ucrtbase.dll+0x29333]
C  [KERNEL32.DLL+0x1259d]
C  [ntdll.dll+0x5af38]


---------------  P R O C E S S  ---------------

Threads class SMR info:
_java_thread_list=0x000001964a03b250, length=46, elements={
0x000001962dca0e40, 0x0000019641b26030, 0x0000019641b28d90, 0x0000019646c387b0,
0x0000019646c39080, 0x0000019646c3b100, 0x0000019646c3bde0, 0x0000019646c40680,
0x0000019646c44ef0, 0x0000019646c46b30, 0x0000019646db6d80, 0x0000019646dba020,
0x0000019646db8be0, 0x0000019646db7290, 0x0000019646db77a0, 0x0000019646db90f0,
0x0000019646db9b10, 0x0000019646db81c0, 0x0000019646db9600, 0x0000019648084ab0,
0x0000019648084fc0, 0x0000019648083670, 0x0000019648081810, 0x0000019648086400,
0x0000019648088260, 0x0000019648082c50, 0x00000196480854d0, 0x0000019648089190,
0x0000019648088770, 0x00000196480859e0, 0x0000019648082230, 0x0000019648081d20,
0x0000019648086910, 0x0000019648087d50, 0x0000019648083160, 0x0000019648083b80,
0x0000019648084090, 0x00000196480845a0, 0x0000019648086e20, 0x0000019648087330,
0x0000019648087840, 0x0000019648088c80, 0x0000019646db7cb0, 0x0000019649ffea10,
0x0000019649ffad50, 0x0000019649ffb770
}

Java Threads: ( => current thread )
  0x000001962dca0e40 JavaThread "main" [_thread_blocked, id=22652, stack(0x00000002c3f00000,0x00000002c4000000)]
  0x0000019641b26030 JavaThread "Reference Handler" daemon [_thread_blocked, id=4980, stack(0x00000002c4200000,0x00000002c4300000)]
  0x0000019641b28d90 JavaThread "Finalizer" daemon [_thread_blocked, id=22672, stack(0x00000002c4300000,0x00000002c4400000)]
  0x0000019646c387b0 JavaThread "Signal Dispatcher" daemon [_thread_blocked, id=6652, stack(0x00000002c4400000,0x00000002c4500000)]
  0x0000019646c39080 JavaThread "Attach Listener" daemon [_thread_blocked, id=24568, stack(0x00000002c4500000,0x00000002c4600000)]
  0x0000019646c3b100 JavaThread "Service Thread" daemon [_thread_blocked, id=13992, stack(0x00000002c4600000,0x00000002c4700000)]
  0x0000019646c3bde0 JavaThread "Monitor Deflation Thread" daemon [_thread_blocked, id=5312, stack(0x00000002c4700000,0x00000002c4800000)]
=>0x0000019646c40680 JavaThread "C2 CompilerThread0" daemon [_thread_in_native, id=12184, stack(0x00000002c4800000,0x00000002c4900000)]
  0x0000019646c44ef0 JavaThread "C1 CompilerThread0" daemon [_thread_blocked, id=2548, stack(0x00000002c4900000,0x00000002c4a00000)]
  0x0000019646c46b30 JavaThread "Sweeper thread" daemon [_thread_blocked, id=17772, stack(0x00000002c4a00000,0x00000002c4b00000)]
  0x0000019646db6d80 JavaThread "Common-Cleaner" daemon [_thread_blocked, id=10572, stack(0x00000002c4b00000,0x00000002c4c00000)]
  0x0000019646dba020 JavaThread "Notification Thread" daemon [_thread_blocked, id=896, stack(0x00000002c4c00000,0x00000002c4d00000)]
  0x0000019646db8be0 JavaThread "Active Thread: Equinox Container: 0b40404d-ae23-43e9-bc52-85e8df6aff9c" [_thread_blocked, id=508, stack(0x00000002c5400000,0x00000002c5500000)]
  0x0000019646db7290 JavaThread "Refresh Thread: Equinox Container: 0b40404d-ae23-43e9-bc52-85e8df6aff9c" daemon [_thread_blocked, id=12140, stack(0x00000002c5500000,0x00000002c5600000)]
  0x0000019646db77a0 JavaThread "Framework Event Dispatcher: Equinox Container: 0b40404d-ae23-43e9-bc52-85e8df6aff9c" daemon [_thread_blocked, id=19420, stack(0x00000002c5600000,0x00000002c5700000)]
  0x0000019646db90f0 JavaThread "Start Level: Equinox Container: 0b40404d-ae23-43e9-bc52-85e8df6aff9c" daemon [_thread_blocked, id=10156, stack(0x00000002c5700000,0x00000002c5800000)]
  0x0000019646db9b10 JavaThread "Bundle File Closer" daemon [_thread_blocked, id=12012, stack(0x00000002c5900000,0x00000002c5a00000)]
  0x0000019646db81c0 JavaThread "SCR Component Actor" daemon [_thread_blocked, id=11084, stack(0x00000002c5a00000,0x00000002c5b00000)]
  0x0000019646db9600 JavaThread "Worker-JM" [_thread_blocked, id=23736, stack(0x00000002c5c00000,0x00000002c5d00000)]
  0x0000019648084ab0 JavaThread "JNA Cleaner" daemon [_thread_blocked, id=23912, stack(0x00000002c5d00000,0x00000002c5e00000)]
  0x0000019648084fc0 JavaThread "Worker-0: Initialize workspace" [_thread_blocked, id=13984, stack(0x00000002c5e00000,0x00000002c5f00000)]
  0x0000019648083670 JavaThread "Worker-1: Building" [_thread_in_Java, id=11648, stack(0x00000002c5f00000,0x00000002c6000000)]
  0x0000019648081810 JavaThread "Worker-2" [_thread_blocked, id=6484, stack(0x00000002c6000000,0x00000002c6100000)]
  0x0000019648086400 JavaThread "Java indexing" daemon [_thread_in_Java, id=20252, stack(0x00000002c6100000,0x00000002c6200000)]
  0x0000019648088260 JavaThread "Thread-2" daemon [_thread_in_native, id=16028, stack(0x00000002c6200000,0x00000002c6300000)]
  0x0000019648082c50 JavaThread "Thread-3" daemon [_thread_in_native, id=5824, stack(0x00000002c6300000,0x00000002c6400000)]
  0x00000196480854d0 JavaThread "Thread-4" daemon [_thread_in_native, id=23624, stack(0x00000002c6400000,0x00000002c6500000)]
  0x0000019648089190 JavaThread "Thread-5" daemon [_thread_in_native, id=24176, stack(0x00000002c6500000,0x00000002c6600000)]
  0x0000019648088770 JavaThread "Thread-6" daemon [_thread_in_native, id=12788, stack(0x00000002c6600000,0x00000002c6700000)]
  0x00000196480859e0 JavaThread "Thread-7" daemon [_thread_in_native, id=2100, stack(0x00000002c6700000,0x00000002c6800000)]
  0x0000019648082230 JavaThread "Thread-8" daemon [_thread_in_native, id=13620, stack(0x00000002c6800000,0x00000002c6900000)]
  0x0000019648081d20 JavaThread "Thread-9" daemon [_thread_in_native, id=21844, stack(0x00000002c6900000,0x00000002c6a00000)]
  0x0000019648086910 JavaThread "Thread-10" daemon [_thread_in_native, id=21448, stack(0x00000002c6a00000,0x00000002c6b00000)]
  0x0000019648087d50 JavaThread "pool-2-thread-1" [_thread_blocked, id=15752, stack(0x00000002c6b00000,0x00000002c6c00000)]
  0x0000019648083160 JavaThread "Worker-3: Publish Diagnostics" [_thread_in_native, id=19652, stack(0x00000002c5b00000,0x00000002c5c00000)]
  0x0000019648083b80 JavaThread "WorkspaceEventsHandler" [_thread_blocked, id=3460, stack(0x00000002c6c00000,0x00000002c6d00000)]
  0x0000019648084090 JavaThread "pool-1-thread-1" [_thread_blocked, id=20244, stack(0x00000002c6d00000,0x00000002c6e00000)]
  0x00000196480845a0 JavaThread "Worker-4: Java indexing... " [_thread_blocked, id=800, stack(0x00000002c6e00000,0x00000002c6f00000)]
  0x0000019648086e20 JavaThread "ForkJoinPool.commonPool-worker-1" daemon [_thread_blocked, id=14804, stack(0x00000002c3d00000,0x00000002c3e00000)]
  0x0000019648087330 JavaThread "ForkJoinPool.commonPool-worker-2" daemon [_thread_blocked, id=8852, stack(0x00000002c3e00000,0x00000002c3f00000)]
  0x0000019648087840 JavaThread "ForkJoinPool.commonPool-worker-3" daemon [_thread_blocked, id=15500, stack(0x00000002c6f00000,0x00000002c7000000)]
  0x0000019648088c80 JavaThread "ForkJoinPool.commonPool-worker-4" daemon [_thread_in_native, id=1892, stack(0x00000002c7000000,0x00000002c7100000)]
  0x0000019646db7cb0 JavaThread "ForkJoinPool.commonPool-worker-5" daemon [_thread_blocked, id=12432, stack(0x00000002c7100000,0x00000002c7200000)]
  0x0000019649ffea10 JavaThread "ForkJoinPool.commonPool-worker-6" daemon [_thread_blocked, id=11944, stack(0x00000002c7200000,0x00000002c7300000)]
  0x0000019649ffad50 JavaThread "ForkJoinPool.commonPool-worker-7" daemon [_thread_blocked, id=11152, stack(0x00000002c7300000,0x00000002c7400000)]
  0x0000019649ffb770 JavaThread "Thread-11" daemon [_thread_in_native, id=23864, stack(0x00000002c7400000,0x00000002c7500000)]

Other Threads:
  0x0000019641a17910 VMThread "VM Thread" [stack: 0x00000002c4100000,0x00000002c4200000] [id=15776]
  0x0000019646f633f0 WatcherThread [stack: 0x00000002c4d00000,0x00000002c4e00000] [id=11092]
  0x000001962dcb7950 GCTaskThread "GC Thread#0" [stack: 0x00000002c4000000,0x00000002c4100000] [id=16852]
  0x00000196481bdaa0 GCTaskThread "GC Thread#1" [stack: 0x00000002c4e00000,0x00000002c4f00000] [id=10212]
  0x00000196481bdd60 GCTaskThread "GC Thread#2" [stack: 0x00000002c4f00000,0x00000002c5000000] [id=17180]
  0x00000196481c2490 GCTaskThread "GC Thread#3" [stack: 0x00000002c5000000,0x00000002c5100000] [id=7108]
  0x00000196481c2750 GCTaskThread "GC Thread#4" [stack: 0x00000002c5100000,0x00000002c5200000] [id=1388]
  0x00000196481c2a10 GCTaskThread "GC Thread#5" [stack: 0x00000002c5200000,0x00000002c5300000] [id=8492]
  0x00000196481c2cd0 GCTaskThread "GC Thread#6" [stack: 0x00000002c5300000,0x00000002c5400000] [id=13336]
  0x000001962bb1c100 GCTaskThread "GC Thread#7" [stack: 0x00000002c5800000,0x00000002c5900000] [id=12092]

Threads with active compile tasks:
C2 CompilerThread0    69648 8072       4       org.eclipse.jdt.internal.core.search.indexing.BinaryIndexer::extractReferenceFromConstantPool (358 bytes)

VM state: not at safepoint (normal execution)

VM Mutex/Monitor currently owned by a thread: None

Heap address: 0x00000000c0000000, size: 1024 MB, Compressed Oops mode: 32-bit

CDS archive(s) not mapped
Compressed class space mapped at: 0x0000000100000000-0x0000000140000000, reserved size: 1073741824
Narrow klass base: 0x0000000000000000, Narrow klass shift: 3, Narrow klass range: 0x140000000

GC Precious Log:
 CPUs: 8 total, 8 available
 Memory: 7812M
 Large Page Support: Disabled
 NUMA Support: Disabled
 Compressed Oops: Enabled (32-bit)
 Alignments: Space 512K, Generation 512K, Heap 2M
 Heap Min Capacity: 100M
 Heap Initial Capacity: 100M
 Heap Max Capacity: 1G
 Pre-touch: Disabled
 Parallel Workers: 8

Heap:
 PSYoungGen      total 18944K, used 9080K [0x00000000eab00000, 0x00000000ec100000, 0x0000000100000000)
  eden space 15872K, 37% used [0x00000000eab00000,0x00000000eb0e32c8,0x00000000eba80000)
  from space 3072K, 99% used [0x00000000ebe00000,0x00000000ec0fafa8,0x00000000ec100000)
  to   space 1536K, 0% used [0x00000000eba80000,0x00000000eba80000,0x00000000ebc00000)
 ParOldGen       total 97792K, used 72161K [0x00000000c0000000, 0x00000000c5f80000, 0x00000000eab00000)
  object space 97792K, 73% used [0x00000000c0000000,0x00000000c46787e0,0x00000000c5f80000)
 Metaspace       used 64116K, committed 65344K, reserved 1114112K
  class space    used 6837K, committed 7424K, reserved 1048576K

Card table byte_map: [0x000001962d660000,0x000001962d870000] _byte_map_base: 0x000001962d060000

Marking Bits: (ParMarkBitMap*) 0x00007ff9872a6940
 Begin Bits: [0x000001963f930000, 0x0000019640930000)
 End Bits:   [0x0000019640930000, 0x0000019641930000)

Polling page: 0x000001962d450000

Metaspace:

Usage:
  Non-class:     55.94 MB used.
      Class:      6.68 MB used.
       Both:     62.61 MB used.

Virtual space:
  Non-class space:       64.00 MB reserved,      56.56 MB ( 88%) committed,  1 nodes.
      Class space:        1.00 GB reserved,       7.25 MB ( <1%) committed,  1 nodes.
             Both:        1.06 GB reserved,      63.81 MB (  6%) committed. 

Chunk freelists:
   Non-Class:  6.52 MB
       Class:  8.75 MB
        Both:  15.27 MB

MaxMetaspaceSize: unlimited
CompressedClassSpaceSize: 1.00 GB
Initial GC threshold: 21.00 MB
Current GC threshold: 105.94 MB
CDS: off
MetaspaceReclaimPolicy: balanced
 - commit_granule_bytes: 65536.
 - commit_granule_words: 8192.
 - virtual_space_node_default_size: 8388608.
 - enlarge_chunks_in_place: 1.
 - new_chunks_are_fully_committed: 0.
 - uncommit_free_chunks: 1.
 - use_allocation_guard: 0.
 - handle_deallocations: 1.


Internal statistics:

num_allocs_failed_limit: 9.
num_arena_births: 828.
num_arena_deaths: 14.
num_vsnodes_births: 2.
num_vsnodes_deaths: 0.
num_space_committed: 1021.
num_space_uncommitted: 0.
num_chunks_returned_to_freelist: 23.
num_chunks_taken_from_freelist: 3546.
num_chunk_merges: 14.
num_chunk_splits: 2137.
num_chunks_enlarged: 1125.
num_inconsistent_stats: 0.

CodeHeap 'non-profiled nmethods': size=120000Kb used=3180Kb max_used=3180Kb free=116819Kb
 bounds [0x0000019638400000, 0x0000019638720000, 0x000001963f930000]
CodeHeap 'profiled nmethods': size=120000Kb used=15088Kb max_used=15088Kb free=104911Kb
 bounds [0x0000019630930000, 0x00000196317f0000, 0x0000019637e60000]
CodeHeap 'non-nmethods': size=5760Kb used=1360Kb max_used=1391Kb free=4399Kb
 bounds [0x0000019637e60000, 0x00000196380d0000, 0x0000019638400000]
 total_blobs=8031 nmethods=7325 adapters=618
 compilation: enabled
              stopped_count=0, restarted_count=0
 full_count=0

Compilation events (20 events):
Event: 69.537 Thread 0x0000019646c44ef0 nmethod 8276 0x00000196317e5c90 code [0x00000196317e5f00, 0x00000196317e6768]
Event: 69.537 Thread 0x0000019646c44ef0 8281       2       java.util.ArrayList::equalsRange (85 bytes)
Event: 69.538 Thread 0x0000019646c44ef0 nmethod 8281 0x00000196317e6c10 code [0x00000196317e6e00, 0x00000196317e71d8]
Event: 69.538 Thread 0x0000019646c44ef0 8278       2       java.security.Provider::implRemoveService (149 bytes)
Event: 69.539 Thread 0x0000019646c44ef0 nmethod 8278 0x00000196317e7410 code [0x00000196317e7660, 0x00000196317e7b88]
Event: 69.539 Thread 0x0000019646c44ef0 8279       1       org.eclipse.jdt.internal.core.JarPackageFragmentRoot::getClassNameSubFolder (2 bytes)
Event: 69.539 Thread 0x0000019646c44ef0 nmethod 8279 0x000001963871ad90 code [0x000001963871af20, 0x000001963871aff8]
Event: 69.540 Thread 0x0000019646c44ef0 8282       2       java.nio.file.Path::of (9 bytes)
Event: 69.541 Thread 0x0000019646c44ef0 nmethod 8282 0x00000196317e7e90 code [0x00000196317e8040, 0x00000196317e81a8]
Event: 69.541 Thread 0x0000019646c44ef0 8283       1       java.util.zip.ZipFile::getName (5 bytes)
Event: 69.542 Thread 0x0000019646c44ef0 nmethod 8283 0x000001963871b090 code [0x000001963871b220, 0x000001963871b2f8]
Event: 69.547 Thread 0x0000019646c44ef0 8284       2       java.lang.invoke.Invokers$Holder::linkToTargetMethod (9 bytes)
Event: 69.547 Thread 0x0000019646c44ef0 nmethod 8284 0x00000196317e8290 code [0x00000196317e8440, 0x00000196317e8598]
Event: 69.549 Thread 0x0000019646c44ef0 8285       2       sun.nio.fs.WindowsPath::startsWith (105 bytes)
Event: 69.551 Thread 0x0000019646c44ef0 nmethod 8285 0x00000196317e8690 code [0x00000196317e88c0, 0x00000196317e8e08]
Event: 69.553 Thread 0x0000019646c44ef0 8286       2       org.eclipse.jdt.internal.compiler.impl.CompilerOptions::versionFromJdkLevel (204 bytes)
Event: 69.554 Thread 0x0000019646c44ef0 nmethod 8286 0x00000196317e9210 code [0x00000196317e9420, 0x00000196317e98c8]
Event: 69.555 Thread 0x0000019646c44ef0 8287   !   2       org.eclipse.jdt.internal.core.util.Util::getEntryName (77 bytes)
Event: 69.556 Thread 0x0000019646c44ef0 nmethod 8287 0x00000196317e9a10 code [0x00000196317e9c40, 0x00000196317ea238]
Event: 69.575 Thread 0x0000019646c44ef0 8291       3       java.util.ImmutableCollections$MapN$MapNIterator::hasNext (13 bytes)

GC Heap History (20 events):
Event: 65.986 GC heap before
{Heap before GC invocations=39 (full 3):
 PSYoungGen      total 18944K, used 18916K [0x00000000eab00000, 0x00000000ec600000, 0x0000000100000000)
  eden space 16384K, 100% used [0x00000000eab00000,0x00000000ebb00000,0x00000000ebb00000)
  from space 2560K, 98% used [0x00000000ebb80000,0x00000000ebdf9130,0x00000000ebe00000)
  to   space 5632K, 0% used [0x00000000ec080000,0x00000000ec080000,0x00000000ec600000)
 ParOldGen       total 68608K, used 47519K [0x00000000c0000000, 0x00000000c4300000, 0x00000000eab00000)
  object space 68608K, 69% used [0x00000000c0000000,0x00000000c2e67c50,0x00000000c4300000)
 Metaspace       used 59197K, committed 60352K, reserved 1114112K
  class space    used 6367K, committed 6912K, reserved 1048576K
}
Event: 65.991 GC heap after
{Heap after GC invocations=39 (full 3):
 PSYoungGen      total 19968K, used 3239K [0x00000000eab00000, 0x00000000ec400000, 0x0000000100000000)
  eden space 16384K, 0% used [0x00000000eab00000,0x00000000eab00000,0x00000000ebb00000)
  from space 3584K, 90% used [0x00000000ec080000,0x00000000ec3a9c68,0x00000000ec400000)
  to   space 4096K, 0% used [0x00000000ebc00000,0x00000000ebc00000,0x00000000ec000000)
 ParOldGen       total 68608K, used 49985K [0x00000000c0000000, 0x00000000c4300000, 0x00000000eab00000)
  object space 68608K, 72% used [0x00000000c0000000,0x00000000c30d0628,0x00000000c4300000)
 Metaspace       used 59197K, committed 60352K, reserved 1114112K
  class space    used 6367K, committed 6912K, reserved 1048576K
}
Event: 66.218 GC heap before
{Heap before GC invocations=40 (full 3):
 PSYoungGen      total 19968K, used 19623K [0x00000000eab00000, 0x00000000ec400000, 0x0000000100000000)
  eden space 16384K, 100% used [0x00000000eab00000,0x00000000ebb00000,0x00000000ebb00000)
  from space 3584K, 90% used [0x00000000ec080000,0x00000000ec3a9c68,0x00000000ec400000)
  to   space 4096K, 0% used [0x00000000ebc00000,0x00000000ebc00000,0x00000000ec000000)
 ParOldGen       total 68608K, used 49985K [0x00000000c0000000, 0x00000000c4300000, 0x00000000eab00000)
  object space 68608K, 72% used [0x00000000c0000000,0x00000000c30d0628,0x00000000c4300000)
 Metaspace       used 59404K, committed 60544K, reserved 1114112K
  class space    used 6391K, committed 6912K, reserved 1048576K
}
Event: 66.227 GC heap after
{Heap after GC invocations=40 (full 3):
 PSYoungGen      total 19456K, used 2810K [0x00000000eab00000, 0x00000000ec200000, 0x0000000100000000)
  eden space 16384K, 0% used [0x00000000eab00000,0x00000000eab00000,0x00000000ebb00000)
  from space 3072K, 91% used [0x00000000ebc00000,0x00000000ebebe848,0x00000000ebf00000)
  to   space 3072K, 0% used [0x00000000ebf00000,0x00000000ebf00000,0x00000000ec200000)
 ParOldGen       total 68608K, used 53070K [0x00000000c0000000, 0x00000000c4300000, 0x00000000eab00000)
  object space 68608K, 77% used [0x00000000c0000000,0x00000000c33d3a20,0x00000000c4300000)
 Metaspace       used 59404K, committed 60544K, reserved 1114112K
  class space    used 6391K, committed 6912K, reserved 1048576K
}
Event: 66.514 GC heap before
{Heap before GC invocations=41 (full 3):
 PSYoungGen      total 19456K, used 19194K [0x00000000eab00000, 0x00000000ec200000, 0x0000000100000000)
  eden space 16384K, 100% used [0x00000000eab00000,0x00000000ebb00000,0x00000000ebb00000)
  from space 3072K, 91% used [0x00000000ebc00000,0x00000000ebebe848,0x00000000ebf00000)
  to   space 3072K, 0% used [0x00000000ebf00000,0x00000000ebf00000,0x00000000ec200000)
 ParOldGen       total 68608K, used 53070K [0x00000000c0000000, 0x00000000c4300000, 0x00000000eab00000)
  object space 68608K, 77% used [0x00000000c0000000,0x00000000c33d3a20,0x00000000c4300000)
 Metaspace       used 59649K, committed 60864K, reserved 1114112K
  class space    used 6421K, committed 6976K, reserved 1048576K
}
Event: 66.521 GC heap after
{Heap after GC invocations=41 (full 3):
 PSYoungGen      total 19456K, used 2871K [0x00000000eab00000, 0x00000000ec200000, 0x0000000100000000)
  eden space 16384K, 0% used [0x00000000eab00000,0x00000000eab00000,0x00000000ebb00000)
  from space 3072K, 93% used [0x00000000ebf00000,0x00000000ec1cddc0,0x00000000ec200000)
  to   space 3072K, 0% used [0x00000000ebc00000,0x00000000ebc00000,0x00000000ebf00000)
 ParOldGen       total 68608K, used 55650K [0x00000000c0000000, 0x00000000c4300000, 0x00000000eab00000)
  object space 68608K, 81% used [0x00000000c0000000,0x00000000c3658830,0x00000000c4300000)
 Metaspace       used 59649K, committed 60864K, reserved 1114112K
  class space    used 6421K, committed 6976K, reserved 1048576K
}
Event: 66.757 GC heap before
{Heap before GC invocations=42 (full 3):
 PSYoungGen      total 19456K, used 19255K [0x00000000eab00000, 0x00000000ec200000, 0x0000000100000000)
  eden space 16384K, 100% used [0x00000000eab00000,0x00000000ebb00000,0x00000000ebb00000)
  from space 3072K, 93% used [0x00000000ebf00000,0x00000000ec1cddc0,0x00000000ec200000)
  to   space 3072K, 0% used [0x00000000ebc00000,0x00000000ebc00000,0x00000000ebf00000)
 ParOldGen       total 68608K, used 55650K [0x00000000c0000000, 0x00000000c4300000, 0x00000000eab00000)
  object space 68608K, 81% used [0x00000000c0000000,0x00000000c3658830,0x00000000c4300000)
 Metaspace       used 60250K, committed 61504K, reserved 1114112K
  class space    used 6468K, committed 7040K, reserved 1048576K
}
Event: 66.764 GC heap after
{Heap after GC invocations=42 (full 3):
 PSYoungGen      total 19456K, used 3048K [0x00000000eab00000, 0x00000000ec800000, 0x0000000100000000)
  eden space 16384K, 0% used [0x00000000eab00000,0x00000000eab00000,0x00000000ebb00000)
  from space 3072K, 99% used [0x00000000ebc00000,0x00000000ebefa1b8,0x00000000ebf00000)
  to   space 6656K, 0% used [0x00000000ec180000,0x00000000ec180000,0x00000000ec800000)
 ParOldGen       total 68608K, used 58359K [0x00000000c0000000, 0x00000000c4300000, 0x00000000eab00000)
  object space 68608K, 85% used [0x00000000c0000000,0x00000000c38fdfa0,0x00000000c4300000)
 Metaspace       used 60250K, committed 61504K, reserved 1114112K
  class space    used 6468K, committed 7040K, reserved 1048576K
}
Event: 67.032 GC heap before
{Heap before GC invocations=43 (full 3):
 PSYoungGen      total 19456K, used 19432K [0x00000000eab00000, 0x00000000ec800000, 0x0000000100000000)
  eden space 16384K, 100% used [0x00000000eab00000,0x00000000ebb00000,0x00000000ebb00000)
  from space 3072K, 99% used [0x00000000ebc00000,0x00000000ebefa1b8,0x00000000ebf00000)
  to   space 6656K, 0% used [0x00000000ec180000,0x00000000ec180000,0x00000000ec800000)
 ParOldGen       total 68608K, used 58359K [0x00000000c0000000, 0x00000000c4300000, 0x00000000eab00000)
  object space 68608K, 85% used [0x00000000c0000000,0x00000000c38fdfa0,0x00000000c4300000)
 Metaspace       used 60757K, committed 62016K, reserved 1114112K
  class space    used 6512K, committed 7104K, reserved 1048576K
}
Event: 67.040 GC heap after
{Heap after GC invocations=43 (full 3):
 PSYoungGen      total 19968K, used 3136K [0x00000000eab00000, 0x00000000ec500000, 0x0000000100000000)
  eden space 16384K, 0% used [0x00000000eab00000,0x00000000eab00000,0x00000000ebb00000)
  from space 3584K, 87% used [0x00000000ec180000,0x00000000ec4901c0,0x00000000ec500000)
  to   space 4096K, 0% used [0x00000000ebd00000,0x00000000ebd00000,0x00000000ec100000)
 ParOldGen       total 68608K, used 61221K [0x00000000c0000000, 0x00000000c4300000, 0x00000000eab00000)
  object space 68608K, 89% used [0x00000000c0000000,0x00000000c3bc9450,0x00000000c4300000)
 Metaspace       used 60757K, committed 62016K, reserved 1114112K
  class space    used 6512K, committed 7104K, reserved 1048576K
}
Event: 67.327 GC heap before
{Heap before GC invocations=44 (full 3):
 PSYoungGen      total 19968K, used 19520K [0x00000000eab00000, 0x00000000ec500000, 0x0000000100000000)
  eden space 16384K, 100% used [0x00000000eab00000,0x00000000ebb00000,0x00000000ebb00000)
  from space 3584K, 87% used [0x00000000ec180000,0x00000000ec4901c0,0x00000000ec500000)
  to   space 4096K, 0% used [0x00000000ebd00000,0x00000000ebd00000,0x00000000ec100000)
 ParOldGen       total 68608K, used 61221K [0x00000000c0000000, 0x00000000c4300000, 0x00000000eab00000)
  object space 68608K, 89% used [0x00000000c0000000,0x00000000c3bc9450,0x00000000c4300000)
 Metaspace       used 61282K, committed 62528K, reserved 1114112K
  class space    used 6573K, committed 7168K, reserved 1048576K
}
Event: 67.335 GC heap after
{Heap after GC invocations=44 (full 3):
 PSYoungGen      total 19968K, used 3215K [0x00000000eab00000, 0x00000000ec200000, 0x0000000100000000)
  eden space 16384K, 0% used [0x00000000eab00000,0x00000000eab00000,0x00000000ebb00000)
  from space 3584K, 89% used [0x00000000ebd00000,0x00000000ec023ee0,0x00000000ec080000)
  to   space 1536K, 0% used [0x00000000ec080000,0x00000000ec080000,0x00000000ec200000)
 ParOldGen       total 68608K, used 64183K [0x00000000c0000000, 0x00000000c4300000, 0x00000000eab00000)
  object space 68608K, 93% used [0x00000000c0000000,0x00000000c3eadf30,0x00000000c4300000)
 Metaspace       used 61282K, committed 62528K, reserved 1114112K
  class space    used 6573K, committed 7168K, reserved 1048576K
}
Event: 67.789 GC heap before
{Heap before GC invocations=45 (full 3):
 PSYoungGen      total 19968K, used 19599K [0x00000000eab00000, 0x00000000ec200000, 0x0000000100000000)
  eden space 16384K, 99% used [0x00000000eab00000,0x00000000ebaffe10,0x00000000ebb00000)
  from space 3584K, 89% used [0x00000000ebd00000,0x00000000ec023ee0,0x00000000ec080000)
  to   space 1536K, 0% used [0x00000000ec080000,0x00000000ec080000,0x00000000ec200000)
 ParOldGen       total 68608K, used 64183K [0x00000000c0000000, 0x00000000c4300000, 0x00000000eab00000)
  object space 68608K, 93% used [0x00000000c0000000,0x00000000c3eadf30,0x00000000c4300000)
 Metaspace       used 62361K, committed 63616K, reserved 1114112K
  class space    used 6681K, committed 7296K, reserved 1048576K
}
Event: 67.801 GC heap after
{Heap after GC invocations=45 (full 3):
 PSYoungGen      total 17408K, used 1525K [0x00000000eab00000, 0x00000000ec700000, 0x0000000100000000)
  eden space 15872K, 0% used [0x00000000eab00000,0x00000000eab00000,0x00000000eba80000)
  from space 1536K, 99% used [0x00000000ec080000,0x00000000ec1fd618,0x00000000ec200000)
  to   space 6144K, 0% used [0x00000000eba80000,0x00000000eba80000,0x00000000ec080000)
 ParOldGen       total 68608K, used 67960K [0x00000000c0000000, 0x00000000c4300000, 0x00000000eab00000)
  object space 68608K, 99% used [0x00000000c0000000,0x00000000c425e3f8,0x00000000c4300000)
 Metaspace       used 62361K, committed 63616K, reserved 1114112K
  class space    used 6681K, committed 7296K, reserved 1048576K
}
Event: 68.643 GC heap before
{Heap before GC invocations=46 (full 4):
 PSYoungGen      total 17408K, used 17397K [0x00000000eab00000, 0x00000000ec700000, 0x0000000100000000)
  eden space 15872K, 100% used [0x00000000eab00000,0x00000000eba80000,0x00000000eba80000)
  from space 1536K, 99% used [0x00000000ec080000,0x00000000ec1fd618,0x00000000ec200000)
  to   space 6144K, 0% used [0x00000000eba80000,0x00000000eba80000,0x00000000ec080000)
 ParOldGen       total 68608K, used 67960K [0x00000000c0000000, 0x00000000c4300000, 0x00000000eab00000)
  object space 68608K, 99% used [0x00000000c0000000,0x00000000c425e3f8,0x00000000c4300000)
 Metaspace       used 63742K, committed 65088K, reserved 1114112K
  class space    used 6795K, committed 7424K, reserved 1048576K
}
Event: 68.828 GC heap after
{Heap after GC invocations=46 (full 4):
 PSYoungGen      total 17408K, used 923K [0x00000000eab00000, 0x00000000ec680000, 0x0000000100000000)
  eden space 15872K, 0% used [0x00000000eab00000,0x00000000eab00000,0x00000000eba80000)
  from space 1536K, 60% used [0x00000000ec080000,0x00000000ec166ed0,0x00000000ec200000)
  to   space 6144K, 0% used [0x00000000eba80000,0x00000000eba80000,0x00000000ec080000)
 ParOldGen       total 97792K, used 68489K [0x00000000c0000000, 0x00000000c5f80000, 0x00000000eab00000)
  object space 97792K, 70% used [0x00000000c0000000,0x00000000c42e25f0,0x00000000c5f80000)
 Metaspace       used 63742K, committed 65088K, reserved 1114112K
  class space    used 6795K, committed 7424K, reserved 1048576K
}
Event: 69.229 GC heap before
{Heap before GC invocations=47 (full 4):
 PSYoungGen      total 17408K, used 16795K [0x00000000eab00000, 0x00000000ec680000, 0x0000000100000000)
  eden space 15872K, 100% used [0x00000000eab00000,0x00000000eba80000,0x00000000eba80000)
  from space 1536K, 60% used [0x00000000ec080000,0x00000000ec166ed0,0x00000000ec200000)
  to   space 6144K, 0% used [0x00000000eba80000,0x00000000eba80000,0x00000000ec080000)
 ParOldGen       total 97792K, used 68489K [0x00000000c0000000, 0x00000000c5f80000, 0x00000000eab00000)
  object space 97792K, 70% used [0x00000000c0000000,0x00000000c42e25f0,0x00000000c5f80000)
 Metaspace       used 63946K, committed 65216K, reserved 1114112K
  class space    used 6818K, committed 7424K, reserved 1048576K
}
Event: 69.249 GC heap after
{Heap after GC invocations=47 (full 4):
 PSYoungGen      total 17408K, used 1508K [0x00000000eab00000, 0x00000000ec100000, 0x0000000100000000)
  eden space 15872K, 0% used [0x00000000eab00000,0x00000000eab00000,0x00000000eba80000)
  from space 1536K, 98% used [0x00000000eba80000,0x00000000ebbf9000,0x00000000ebc00000)
  to   space 3072K, 0% used [0x00000000ebe00000,0x00000000ebe00000,0x00000000ec100000)
 ParOldGen       total 97792K, used 69481K [0x00000000c0000000, 0x00000000c5f80000, 0x00000000eab00000)
  object space 97792K, 71% used [0x00000000c0000000,0x00000000c43da5d0,0x00000000c5f80000)
 Metaspace       used 63946K, committed 65216K, reserved 1114112K
  class space    used 6818K, committed 7424K, reserved 1048576K
}
Event: 69.492 GC heap before
{Heap before GC invocations=48 (full 4):
 PSYoungGen      total 17408K, used 17380K [0x00000000eab00000, 0x00000000ec100000, 0x0000000100000000)
  eden space 15872K, 100% used [0x00000000eab00000,0x00000000eba80000,0x00000000eba80000)
  from space 1536K, 98% used [0x00000000eba80000,0x00000000ebbf9000,0x00000000ebc00000)
  to   space 3072K, 0% used [0x00000000ebe00000,0x00000000ebe00000,0x00000000ec100000)
 ParOldGen       total 97792K, used 69481K [0x00000000c0000000, 0x00000000c5f80000, 0x00000000eab00000)
  object space 97792K, 71% used [0x00000000c0000000,0x00000000c43da5d0,0x00000000c5f80000)
 Metaspace       used 64052K, committed 65344K, reserved 1114112K
  class space    used 6830K, committed 7424K, reserved 1048576K
}
Event: 69.501 GC heap after
{Heap after GC invocations=48 (full 4):
 PSYoungGen      total 18944K, used 3051K [0x00000000eab00000, 0x00000000ec100000, 0x0000000100000000)
  eden space 15872K, 0% used [0x00000000eab00000,0x00000000eab00000,0x00000000eba80000)
  from space 3072K, 99% used [0x00000000ebe00000,0x00000000ec0fafa8,0x00000000ec100000)
  to   space 1536K, 0% used [0x00000000eba80000,0x00000000eba80000,0x00000000ebc00000)
 ParOldGen       total 97792K, used 72161K [0x00000000c0000000, 0x00000000c5f80000, 0x00000000eab00000)
  object space 97792K, 73% used [0x00000000c0000000,0x00000000c46787e0,0x00000000c5f80000)
 Metaspace       used 64052K, committed 65344K, reserved 1114112K
  class space    used 6830K, committed 7424K, reserved 1048576K
}

Dll operation events (11 events):
Event: 0.027 Loaded shared library c:\Users\suder\.vscode\extensions\redhat.java-1.38.0-win32-x64\jre\17.0.13-win32-x86_64\bin\java.dll
Event: 0.443 Loaded shared library c:\Users\suder\.vscode\extensions\redhat.java-1.38.0-win32-x64\jre\17.0.13-win32-x86_64\bin\zip.dll
Event: 0.448 Loaded shared library C:\Users\suder\.vscode\extensions\redhat.java-1.38.0-win32-x64\jre\17.0.13-win32-x86_64\bin\instrument.dll
Event: 0.475 Loaded shared library C:\Users\suder\.vscode\extensions\redhat.java-1.38.0-win32-x64\jre\17.0.13-win32-x86_64\bin\net.dll
Event: 0.478 Loaded shared library C:\Users\suder\.vscode\extensions\redhat.java-1.38.0-win32-x64\jre\17.0.13-win32-x86_64\bin\nio.dll
Event: 0.499 Loaded shared library C:\Users\suder\.vscode\extensions\redhat.java-1.38.0-win32-x64\jre\17.0.13-win32-x86_64\bin\zip.dll
Event: 0.544 Loaded shared library C:\Users\suder\.vscode\extensions\redhat.java-1.38.0-win32-x64\jre\17.0.13-win32-x86_64\bin\jimage.dll
Event: 0.693 Loaded shared library c:\Users\suder\.vscode\extensions\redhat.java-1.38.0-win32-x64\jre\17.0.13-win32-x86_64\bin\verify.dll
Event: 20.010 Loaded shared library C:\Users\suder\AppData\Roaming\Code\User\globalStorage\redhat.java\1.38.0\config_win\org.eclipse.equinox.launcher\org.eclipse.equinox.launcher.win32.win32.x86_64_1.2.1100.v20240722-2106\eclipse_11904.dll
Event: 47.060 Loaded shared library C:\Users\suder\AppData\Local\Temp\jna-109789807\jna13715955933024889406.dll
Event: 69.426 Loaded shared library C:\Users\suder\.vscode\extensions\redhat.java-1.38.0-win32-x64\jre\17.0.13-win32-x86_64\bin\sunmscapi.dll

Deoptimization events (20 events):
Event: 69.544 Thread 0x0000019648086400 DEOPT PACKING pc=0x00000196315e258b sp=0x00000002c61fe720
Event: 69.544 Thread 0x0000019648086400 DEOPT UNPACKING pc=0x0000019637eb6e43 sp=0x00000002c61fdc88 mode 0
Event: 69.546 Thread 0x0000019648083160 DEOPT PACKING pc=0x0000019631424c2c sp=0x00000002c5bfe420
Event: 69.546 Thread 0x0000019648083160 DEOPT UNPACKING pc=0x0000019637eb6e43 sp=0x00000002c5bfd9a0 mode 0
Event: 69.551 Thread 0x0000019648083160 DEOPT PACKING pc=0x0000019631424c2c sp=0x00000002c5bfe420
Event: 69.551 Thread 0x0000019648083160 DEOPT UNPACKING pc=0x0000019637eb6e43 sp=0x00000002c5bfd9a0 mode 0
Event: 69.554 Thread 0x0000019648083160 DEOPT PACKING pc=0x0000019631424c2c sp=0x00000002c5bfe420
Event: 69.554 Thread 0x0000019648083160 DEOPT UNPACKING pc=0x0000019637eb6e43 sp=0x00000002c5bfd9a0 mode 0
Event: 69.559 Thread 0x0000019648083160 DEOPT PACKING pc=0x0000019631424c2c sp=0x00000002c5bfe450
Event: 69.559 Thread 0x0000019648083160 DEOPT UNPACKING pc=0x0000019637eb6e43 sp=0x00000002c5bfd9d0 mode 0
Event: 69.561 Thread 0x0000019648083160 DEOPT PACKING pc=0x0000019631424c2c sp=0x00000002c5bfe450
Event: 69.561 Thread 0x0000019648083160 DEOPT UNPACKING pc=0x0000019637eb6e43 sp=0x00000002c5bfd9d0 mode 0
Event: 69.564 Thread 0x0000019648088c80 DEOPT PACKING pc=0x0000019631424c2c sp=0x00000002c70fdca0
Event: 69.564 Thread 0x0000019648088c80 DEOPT UNPACKING pc=0x0000019637eb6e43 sp=0x00000002c70fd220 mode 0
Event: 69.566 Thread 0x0000019648088c80 DEOPT PACKING pc=0x0000019631424c2c sp=0x00000002c70fdca0
Event: 69.566 Thread 0x0000019648088c80 DEOPT UNPACKING pc=0x0000019637eb6e43 sp=0x00000002c70fd220 mode 0
Event: 69.568 Thread 0x0000019648088c80 DEOPT PACKING pc=0x0000019631424c2c sp=0x00000002c70fdca0
Event: 69.568 Thread 0x0000019648088c80 DEOPT UNPACKING pc=0x0000019637eb6e43 sp=0x00000002c70fd220 mode 0
Event: 69.573 Thread 0x0000019648088c80 DEOPT PACKING pc=0x0000019631424c2c sp=0x00000002c70fdca0
Event: 69.573 Thread 0x0000019648088c80 DEOPT UNPACKING pc=0x0000019637eb6e43 sp=0x00000002c70fd220 mode 0

Classes loaded (20 events):
Event: 68.926 Loading class sun/security/jca/ProviderConfig$3
Event: 68.974 Loading class sun/security/jca/ProviderConfig$3 done
Event: 68.974 Loading class sun/security/jca/ProviderConfig$ProviderLoader
Event: 68.975 Loading class sun/security/jca/ProviderConfig$ProviderLoader done
Event: 69.129 Loading class java/security/InvalidParameterException
Event: 69.130 Loading class java/security/InvalidParameterException done
Event: 69.130 Loading class java/security/ProviderException
Event: 69.130 Loading class java/security/ProviderException done
Event: 69.221 Loading class java/nio/file/attribute/PosixFileAttributeView
Event: 69.222 Loading class java/nio/file/attribute/PosixFileAttributeView done
Event: 69.516 Loading class sun/security/ssl/SunJSSE
Event: 69.521 Loading class sun/security/ssl/SunJSSE done
Event: 69.523 Loading class com/sun/crypto/provider/SunJCE
Event: 69.531 Loading class com/sun/crypto/provider/SunJCE done
Event: 69.538 Loading class javax/crypto/JceSecurity
Event: 69.549 Loading class javax/crypto/JceSecurity done
Event: 69.549 Loading class javax/crypto/JceSecurity$1
Event: 69.549 Loading class javax/crypto/JceSecurity$1 done
Event: 69.559 Loading class java/nio/file/Files$1
Event: 69.560 Loading class java/nio/file/Files$1 done

Classes unloaded (7 events):
Event: 52.262 Thread 0x0000019641a17910 Unloading class 0x0000000100258000 'java/lang/invoke/LambdaForm$MH+0x0000000100258000'
Event: 52.262 Thread 0x0000019641a17910 Unloading class 0x0000000100253c00 'java/lang/invoke/LambdaForm$MH+0x0000000100253c00'
Event: 52.262 Thread 0x0000019641a17910 Unloading class 0x0000000100253800 'java/lang/invoke/LambdaForm$MH+0x0000000100253800'
Event: 52.262 Thread 0x0000019641a17910 Unloading class 0x0000000100253400 'java/lang/invoke/LambdaForm$MH+0x0000000100253400'
Event: 52.262 Thread 0x0000019641a17910 Unloading class 0x0000000100253000 'java/lang/invoke/LambdaForm$BMH+0x0000000100253000'
Event: 52.262 Thread 0x0000019641a17910 Unloading class 0x0000000100252c00 'java/lang/invoke/LambdaForm$DMH+0x0000000100252c00'
Event: 52.262 Thread 0x0000019641a17910 Unloading class 0x0000000100250400 'java/lang/invoke/LambdaForm$DMH+0x0000000100250400'

Classes redefined (0 events):
No events

Internal exceptions (20 events):
Event: 67.360 Thread 0x0000019648084090 Exception <a 'sun/nio/fs/WindowsException'{0x00000000eac00250}> (0x00000000eac00250) 
thrown [s\src\hotspot\share\prims\jni.cpp, line 516]
Event: 67.360 Thread 0x0000019648084090 Exception <a 'sun/nio/fs/WindowsException'{0x00000000eac00df0}> (0x00000000eac00df0) 
thrown [s\src\hotspot\share\prims\jni.cpp, line 516]
Event: 67.361 Thread 0x0000019648084090 Exception <a 'sun/nio/fs/WindowsException'{0x00000000eac01428}> (0x00000000eac01428) 
thrown [s\src\hotspot\share\prims\jni.cpp, line 516]
Event: 67.442 Thread 0x0000019648083670 Exception <a 'sun/nio/fs/WindowsException'{0x00000000eb14fe98}> (0x00000000eb14fe98) 
thrown [s\src\hotspot\share\prims\jni.cpp, line 516]
Event: 67.442 Thread 0x0000019648083670 Exception <a 'sun/nio/fs/WindowsException'{0x00000000eb150750}> (0x00000000eb150750) 
thrown [s\src\hotspot\share\prims\jni.cpp, line 516]
Event: 67.483 Thread 0x0000019648083670 Exception <a 'java/io/FileNotFoundException'{0x00000000eb346438}> (0x00000000eb346438) 
thrown [s\src\hotspot\share\prims\jni.cpp, line 516]
Event: 67.484 Thread 0x0000019648083670 Exception <a 'java/io/FileNotFoundException'{0x00000000eb3478d0}> (0x00000000eb3478d0) 
thrown [s\src\hotspot\share\prims\jni.cpp, line 516]
Event: 67.484 Thread 0x0000019648083670 Exception <a 'java/io/FileNotFoundException'{0x00000000eb348ac8}> (0x00000000eb348ac8) 
thrown [s\src\hotspot\share\prims\jni.cpp, line 516]
Event: 67.510 Thread 0x0000019648083670 Exception <a 'java/lang/NoSuchMethodError'{0x00000000eb537350}: 'java.lang.Object java.lang.invoke.DirectMethodHandle$Holder.invokeStatic(java.lang.Object, java.lang.Object, int, java.lang.Object)'> (0x00000000eb537350) 
thrown [s\src\hotspot\share\interpreter\linkResolver.cpp, line 759]
Event: 67.512 Thread 0x0000019648083670 Exception <a 'java/lang/NoSuchMethodError'{0x00000000eb553c90}: 'java.lang.Object java.lang.invoke.DirectMethodHandle$Holder.newInvokeSpecial(java.lang.Object, java.lang.Object, int)'> (0x00000000eb553c90) 
thrown [s\src\hotspot\share\interpreter\linkResolver.cpp, line 759]
Event: 67.833 Thread 0x0000019648083670 Exception <a 'java/lang/NoSuchMethodError'{0x00000000eabb9c98}: 'java.lang.Object java.lang.invoke.DirectMethodHandle$Holder.newInvokeSpecial(java.lang.Object, java.lang.Object, java.lang.Object, java.lang.Object, java.lang.Object, java.lang.Object)'> (0x00000000eabb9c98) 
thrown [s\src\hotspot\share\interpreter\linkResolver.cpp, line 759]
Event: 67.875 Thread 0x0000019648083160 Exception <a 'java/lang/NoSuchMethodError'{0x00000000eac261f0}: 'java.lang.Object java.lang.invoke.DirectMethodHandle$Holder.invokeSpecial(java.lang.Object, java.lang.Object, int, long)'> (0x00000000eac261f0) 
thrown [s\src\hotspot\share\interpreter\linkResolver.cpp, line 759]
Event: 68.226 Thread 0x0000019646db7cb0 Exception <a 'java/lang/ArrayIndexOutOfBoundsException'{0x00000000eb057658}> (0x00000000eb057658) 
thrown [s\src\hotspot\share\runtime\sharedRuntime.cpp, line 631]
Event: 68.247 Thread 0x0000019648087330 Exception <a 'java/lang/ArrayIndexOutOfBoundsException'{0x00000000eb0a08b0}> (0x00000000eb0a08b0) 
thrown [s\src\hotspot\share\runtime\sharedRuntime.cpp, line 631]
Event: 68.399 Thread 0x0000019648083670 Exception <a 'java/io/FileNotFoundException'{0x00000000eb2d3e30}> (0x00000000eb2d3e30) 
thrown [s\src\hotspot\share\prims\jni.cpp, line 516]
Event: 68.399 Thread 0x0000019648083670 Exception <a 'java/io/FileNotFoundException'{0x00000000eb2d4e18}> (0x00000000eb2d4e18) 
thrown [s\src\hotspot\share\prims\jni.cpp, line 516]
Event: 68.414 Thread 0x0000019648083670 Exception <a 'java/io/FileNotFoundException'{0x00000000eb343910}> (0x00000000eb343910) 
thrown [s\src\hotspot\share\prims\jni.cpp, line 516]
Event: 68.414 Thread 0x0000019648083670 Exception <a 'java/io/FileNotFoundException'{0x00000000eb344c98}> (0x00000000eb344c98) 
thrown [s\src\hotspot\share\prims\jni.cpp, line 516]
Event: 68.415 Thread 0x0000019648083670 Exception <a 'java/io/FileNotFoundException'{0x00000000eb351d98}> (0x00000000eb351d98) 
thrown [s\src\hotspot\share\prims\jni.cpp, line 516]
Event: 69.559 Thread 0x0000019649ffb770 Exception <a 'sun/nio/fs/WindowsException'{0x00000000eae60890}> (0x00000000eae60890) 
thrown [s\src\hotspot\share\prims\jni.cpp, line 516]

VM Operations (20 events):
Event: 67.041 Executing VM operation: ParallelGCFailedAllocation done
Event: 67.326 Executing VM operation: ParallelGCFailedAllocation
Event: 67.335 Executing VM operation: ParallelGCFailedAllocation done
Event: 67.769 Executing VM operation: ParallelGCFailedAllocation
Event: 67.801 Executing VM operation: ParallelGCFailedAllocation done
Event: 67.955 Executing VM operation: HandshakeAllThreads
Event: 68.006 Executing VM operation: HandshakeAllThreads done
Event: 68.474 Executing VM operation: HandshakeAllThreads
Event: 68.475 Executing VM operation: HandshakeAllThreads done
Event: 68.587 Executing VM operation: ParallelGCFailedAllocation
Event: 68.829 Executing VM operation: ParallelGCFailedAllocation done
Event: 69.024 Executing VM operation: HandshakeAllThreads
Event: 69.123 Executing VM operation: HandshakeAllThreads done
Event: 69.143 Executing VM operation: HandshakeAllThreads
Event: 69.199 Executing VM operation: HandshakeAllThreads done
Event: 69.223 Executing VM operation: ParallelGCFailedAllocation
Event: 69.249 Executing VM operation: ParallelGCFailedAllocation done
Event: 69.437 Executing VM operation: ParallelGCFailedAllocation
Event: 69.501 Executing VM operation: ParallelGCFailedAllocation done
Event: 69.561 Executing VM operation: HandshakeAllThreads

Memory protections (0 events):
No events

Nmethod flushes (20 events):
Event: 58.248 Thread 0x0000019646c46b30 flushing  nmethod 0x000001963140be10
Event: 58.248 Thread 0x0000019646c46b30 flushing  nmethod 0x0000019631415f90
Event: 58.249 Thread 0x0000019646c46b30 flushing  nmethod 0x0000019631429510
Event: 58.249 Thread 0x0000019646c46b30 flushing  nmethod 0x0000019631429910
Event: 58.249 Thread 0x0000019646c46b30 flushing  nmethod 0x0000019631429d90
Event: 58.249 Thread 0x0000019646c46b30 flushing  nmethod 0x000001963142ae90
Event: 58.249 Thread 0x0000019646c46b30 flushing  nmethod 0x000001963142c790
Event: 58.249 Thread 0x0000019646c46b30 flushing  nmethod 0x000001963142d690
Event: 58.249 Thread 0x0000019646c46b30 flushing  nmethod 0x000001963142da90
Event: 58.249 Thread 0x0000019646c46b30 flushing  nmethod 0x0000019631431590
Event: 58.249 Thread 0x0000019646c46b30 flushing  nmethod 0x0000019631434490
Event: 58.249 Thread 0x0000019646c46b30 flushing  nmethod 0x000001963143cd90
Event: 58.249 Thread 0x0000019646c46b30 flushing  nmethod 0x000001963143d610
Event: 58.249 Thread 0x0000019646c46b30 flushing  nmethod 0x000001963143e810
Event: 58.249 Thread 0x0000019646c46b30 flushing  nmethod 0x000001963146b710
Event: 58.249 Thread 0x0000019646c46b30 flushing  nmethod 0x00000196314cd890
Event: 58.249 Thread 0x0000019646c46b30 flushing  nmethod 0x00000196314ced10
Event: 58.249 Thread 0x0000019646c46b30 flushing  nmethod 0x00000196314d7190
Event: 66.953 Thread 0x0000019646c46b30 flushing  nmethod 0x0000019631259d90
Event: 66.954 Thread 0x0000019646c46b30 flushing  nmethod 0x000001963133fe90

Events (20 events):
Event: 55.257 Thread 0x000001962dca0e40 Thread added: 0x0000019648089190
Event: 55.257 Thread 0x000001962dca0e40 Thread added: 0x0000019648088770
Event: 55.258 Thread 0x000001962dca0e40 Thread added: 0x00000196480859e0
Event: 55.258 Thread 0x000001962dca0e40 Thread added: 0x0000019648082230
Event: 55.258 Thread 0x000001962dca0e40 Thread added: 0x0000019648081d20
Event: 55.258 Thread 0x000001962dca0e40 Thread added: 0x0000019648086910
Event: 55.342 Thread 0x000001962dca0e40 Thread added: 0x0000019648087d50
Event: 55.356 Thread 0x0000019646db7cb0 Thread exited: 0x0000019646db7cb0
Event: 55.387 Thread 0x0000019648083670 Thread added: 0x0000019648083160
Event: 56.157 Thread 0x000001962dca0e40 Thread added: 0x0000019648083b80
Event: 56.158 Thread 0x000001962dca0e40 Thread added: 0x0000019648084090
Event: 57.043 Thread 0x0000019648083670 Thread added: 0x00000196480845a0
Event: 62.547 Thread 0x0000019648084090 Thread added: 0x0000019648086e20
Event: 62.559 Thread 0x0000019648086e20 Thread added: 0x0000019648087330
Event: 62.571 Thread 0x0000019648087330 Thread added: 0x0000019648087840
Event: 62.574 Thread 0x0000019648087840 Thread added: 0x0000019648088c80
Event: 67.958 Thread 0x0000019648086e20 Thread added: 0x0000019646db7cb0
Event: 67.960 Thread 0x0000019648084090 Thread added: 0x0000019649ffea10
Event: 67.998 Thread 0x0000019648084090 Thread added: 0x0000019649ffad50
Event: 68.245 Thread 0x0000019649ffad50 Thread added: 0x0000019649ffb770


Dynamic libraries:
0x00007ff61bf50000 - 0x00007ff61bf5e000 	c:\Users\suder\.vscode\extensions\redhat.java-1.38.0-win32-x64\jre\17.0.13-win32-x86_64\bin\java.exe
0x00007ffa09a10000 - 0x00007ffa09c27000 	C:\Windows\SYSTEM32\ntdll.dll
0x00007ffa09010000 - 0x00007ffa090d4000 	C:\Windows\System32\KERNEL32.DLL
0x00007ffa07040000 - 0x00007ffa07410000 	C:\Windows\System32\KERNELBASE.dll
0x00007ffa06f20000 - 0x00007ffa07031000 	C:\Windows\System32\ucrtbase.dll
0x00007ff9ecb60000 - 0x00007ff9ecb77000 	c:\Users\suder\.vscode\extensions\redhat.java-1.38.0-win32-x64\jre\17.0.13-win32-x86_64\bin\jli.dll
0x00007ffa09510000 - 0x00007ffa096be000 	C:\Windows\System32\USER32.dll
0x00007ffa07650000 - 0x00007ffa07676000 	C:\Windows\System32\win32u.dll
0x00007ffa09190000 - 0x00007ffa091b9000 	C:\Windows\System32\GDI32.dll
0x00007ffa06d40000 - 0x00007ffa06e5b000 	C:\Windows\System32\gdi32full.dll
0x00007ffa07410000 - 0x00007ffa074aa000 	C:\Windows\System32\msvcp_win.dll
0x00007ff9ecb10000 - 0x00007ff9ecb2e000 	c:\Users\suder\.vscode\extensions\redhat.java-1.38.0-win32-x64\jre\17.0.13-win32-x86_64\bin\VCRUNTIME140.dll
0x00007ff9f6df0000 - 0x00007ff9f7082000 	C:\Windows\WinSxS\amd64_microsoft.windows.common-controls_6595b64144ccf1df_6.0.22621.4830_none_270fe7d773858e80\COMCTL32.dll
0x00007ffa090e0000 - 0x00007ffa09187000 	C:\Windows\System32\msvcrt.dll
0x00007ffa09990000 - 0x00007ffa099c1000 	C:\Windows\System32\IMM32.DLL
0x00007ff9f2760000 - 0x00007ff9f276c000 	c:\Users\suder\.vscode\extensions\redhat.java-1.38.0-win32-x64\jre\17.0.13-win32-x86_64\bin\vcruntime140_1.dll
0x00007ff98c420000 - 0x00007ff98c4ad000 	c:\Users\suder\.vscode\extensions\redhat.java-1.38.0-win32-x64\jre\17.0.13-win32-x86_64\bin\msvcp140.dll
0x00007ff986700000 - 0x00007ff98736b000 	c:\Users\suder\.vscode\extensions\redhat.java-1.38.0-win32-x64\jre\17.0.13-win32-x86_64\bin\server\jvm.dll
0x00007ffa07c00000 - 0x00007ffa07cb1000 	C:\Windows\System32\ADVAPI32.dll
0x00007ffa09720000 - 0x00007ffa097c7000 	C:\Windows\System32\sechost.dll
0x00007ffa074b0000 - 0x00007ffa074d8000 	C:\Windows\System32\bcrypt.dll
0x00007ffa08760000 - 0x00007ffa08874000 	C:\Windows\System32\RPCRT4.dll
0x00007ffa08f70000 - 0x00007ffa08fe1000 	C:\Windows\System32\WS2_32.dll
0x00007ffa06b90000 - 0x00007ffa06bdd000 	C:\Windows\SYSTEM32\POWRPROF.dll
0x00007ff9ff260000 - 0x00007ff9ff294000 	C:\Windows\SYSTEM32\WINMM.dll
0x00007ff9fa7c0000 - 0x00007ff9fa7ca000 	C:\Windows\SYSTEM32\VERSION.dll
0x00007ffa06b70000 - 0x00007ffa06b83000 	C:\Windows\SYSTEM32\UMPDC.dll
0x00007ffa05cc0000 - 0x00007ffa05cd8000 	C:\Windows\SYSTEM32\kernel.appcore.dll
0x00007ff9f1400000 - 0x00007ff9f140a000 	c:\Users\suder\.vscode\extensions\redhat.java-1.38.0-win32-x64\jre\17.0.13-win32-x86_64\bin\jimage.dll
0x00007ffa02970000 - 0x00007ffa02ba2000 	C:\Windows\SYSTEM32\DBGHELP.DLL
0x00007ffa08b30000 - 0x00007ffa08ec0000 	C:\Windows\System32\combase.dll
0x00007ffa091c0000 - 0x00007ffa09297000 	C:\Windows\System32\OLEAUT32.dll
0x00007ff9ff2a0000 - 0x00007ff9ff2d2000 	C:\Windows\SYSTEM32\dbgcore.DLL
0x00007ffa06cc0000 - 0x00007ffa06d3b000 	C:\Windows\System32\bcryptPrimitives.dll
0x00007ff9ecb00000 - 0x00007ff9ecb0e000 	c:\Users\suder\.vscode\extensions\redhat.java-1.38.0-win32-x64\jre\17.0.13-win32-x86_64\bin\instrument.dll
0x00007ff9ea6d0000 - 0x00007ff9ea6f5000 	c:\Users\suder\.vscode\extensions\redhat.java-1.38.0-win32-x64\jre\17.0.13-win32-x86_64\bin\java.dll
0x00007ff9e2830000 - 0x00007ff9e2848000 	c:\Users\suder\.vscode\extensions\redhat.java-1.38.0-win32-x64\jre\17.0.13-win32-x86_64\bin\zip.dll
0x00007ffa07dd0000 - 0x00007ffa08648000 	C:\Windows\System32\SHELL32.dll
0x00007ffa04bc0000 - 0x00007ffa054d0000 	C:\Windows\SYSTEM32\windows.storage.dll
0x00007ffa04a80000 - 0x00007ffa04bbf000 	C:\Windows\SYSTEM32\wintypes.dll
0x00007ffa08650000 - 0x00007ffa0875a000 	C:\Windows\System32\SHCORE.dll
0x00007ffa08a50000 - 0x00007ffa08aae000 	C:\Windows\System32\shlwapi.dll
0x00007ffa06bf0000 - 0x00007ffa06c1b000 	C:\Windows\SYSTEM32\profapi.dll
0x00007ff9ec950000 - 0x00007ff9ec969000 	C:\Users\suder\.vscode\extensions\redhat.java-1.38.0-win32-x64\jre\17.0.13-win32-x86_64\bin\net.dll
0x00007ffa023d0000 - 0x00007ffa024fc000 	C:\Windows\SYSTEM32\WINHTTP.dll
0x00007ffa06140000 - 0x00007ffa061aa000 	C:\Windows\system32\mswsock.dll
0x00007ff9e2890000 - 0x00007ff9e28a6000 	C:\Users\suder\.vscode\extensions\redhat.java-1.38.0-win32-x64\jre\17.0.13-win32-x86_64\bin\nio.dll
0x00007ff9e9c40000 - 0x00007ff9e9c50000 	c:\Users\suder\.vscode\extensions\redhat.java-1.38.0-win32-x64\jre\17.0.13-win32-x86_64\bin\verify.dll
0x00007ff9c72e0000 - 0x00007ff9c7325000 	C:\Users\suder\AppData\Roaming\Code\User\globalStorage\redhat.java\1.38.0\config_win\org.eclipse.equinox.launcher\org.eclipse.equinox.launcher.win32.win32.x86_64_1.2.1100.v20240722-2106\eclipse_11904.dll
0x00007ffa097d0000 - 0x00007ffa09971000 	C:\Windows\System32\ole32.dll
0x00007ffa06360000 - 0x00007ffa0637b000 	C:\Windows\SYSTEM32\CRYPTSP.dll
0x00007ffa05c20000 - 0x00007ffa05c55000 	C:\Windows\system32\rsaenh.dll
0x00007ffa06200000 - 0x00007ffa06228000 	C:\Windows\SYSTEM32\USERENV.dll
0x00007ffa06380000 - 0x00007ffa0638c000 	C:\Windows\SYSTEM32\CRYPTBASE.dll
0x00007ffa05770000 - 0x00007ffa0579d000 	C:\Windows\SYSTEM32\IPHLPAPI.DLL
0x00007ffa09980000 - 0x00007ffa09989000 	C:\Windows\System32\NSI.dll
0x00007ff9ff620000 - 0x00007ff9ff639000 	C:\Windows\SYSTEM32\dhcpcsvc6.DLL
0x00007ff9ff600000 - 0x00007ff9ff61f000 	C:\Windows\SYSTEM32\dhcpcsvc.DLL
0x00007ffa057a0000 - 0x00007ffa058a2000 	C:\Windows\SYSTEM32\DNSAPI.dll
0x00007ff98e070000 - 0x00007ff98e0b9000 	C:\Users\suder\AppData\Local\Temp\jna-109789807\jna13715955933024889406.dll
0x00007ffa07bf0000 - 0x00007ffa07bf8000 	C:\Windows\System32\PSAPI.DLL
0x00007ff9e9b80000 - 0x00007ff9e9b8e000 	C:\Users\suder\.vscode\extensions\redhat.java-1.38.0-win32-x64\jre\17.0.13-win32-x86_64\bin\sunmscapi.dll
0x00007ffa074e0000 - 0x00007ffa07646000 	C:\Windows\System32\CRYPT32.dll
0x00007ffa06590000 - 0x00007ffa065bd000 	C:\Windows\SYSTEM32\ncrypt.dll
0x00007ffa06550000 - 0x00007ffa06587000 	C:\Windows\SYSTEM32\NTASN1.dll

dbghelp: loaded successfully - version: 4.0.5 - missing functions: none
symbol engine: initialized successfully - sym options: 0x614 - pdb path: .;c:\Users\suder\.vscode\extensions\redhat.java-1.38.0-win32-x64\jre\17.0.13-win32-x86_64\bin;C:\Windows\SYSTEM32;C:\Windows\WinSxS\amd64_microsoft.windows.common-controls_6595b64144ccf1df_6.0.22621.4830_none_270fe7d773858e80;c:\Users\suder\.vscode\extensions\redhat.java-1.38.0-win32-x64\jre\17.0.13-win32-x86_64\bin\server;C:\Users\suder\AppData\Roaming\Code\User\globalStorage\redhat.java\1.38.0\config_win\org.eclipse.equinox.launcher\org.eclipse.equinox.launcher.win32.win32.x86_64_1.2.1100.v20240722-2106;C:\Users\suder\AppData\Local\Temp\jna-109789807

VM Arguments:
jvm_args: --add-modules=ALL-SYSTEM --add-opens=java.base/java.util=ALL-UNNAMED --add-opens=java.base/java.lang=ALL-UNNAMED --add-opens=java.base/sun.nio.fs=ALL-UNNAMED -Declipse.application=org.eclipse.jdt.ls.core.id1 -Dosgi.bundles.defaultStartLevel=4 -Declipse.product=org.eclipse.jdt.ls.core.product -Djava.import.generatesMetadataFilesAtProjectRoot=false -DDetectVMInstallationsJob.disabled=true -Dfile.encoding=utf8 -XX:+UseParallelGC -XX:GCTimeRatio=4 -XX:AdaptiveSizePolicyWeight=90 -Dsun.zip.disableMemoryMapping=true -Xmx1G -Xms100m -Xlog:disable -javaagent:c:\Users\suder\.vscode\extensions\redhat.java-1.38.0-win32-x64\lombok\lombok-1.18.34.jar -XX:+HeapDumpOnOutOfMemoryError -XX:HeapDumpPath=c:\Users\suder\AppData\Roaming\Code\User\workspaceStorage\9de31b2568cc94b8fe881a6aa0c302a1\redhat.java -Daether.dependencyCollector.impl=bf 
java_command: c:\Users\suder\.vscode\extensions\redhat.java-1.38.0-win32-x64\server\plugins\org.eclipse.equinox.launcher_1.6.900.v20240613-2009.jar -configuration c:\Users\suder\AppData\Roaming\Code\User\globalStorage\redhat.java\1.38.0\config_win -data c:\Users\suder\AppData\Roaming\Code\User\workspaceStorage\9de31b2568cc94b8fe881a6aa0c302a1\redhat.java\jdt_ws --pipe=\\.\pipe\lsp-c72fee6854261f433efcd72f554d8225-sock
java_class_path (initial): c:\Users\suder\.vscode\extensions\redhat.java-1.38.0-win32-x64\server\plugins\org.eclipse.equinox.launcher_1.6.900.v20240613-2009.jar
Launcher Type: SUN_STANDARD

[Global flags]
    uintx AdaptiveSizePolicyWeight                 = 90                                        {product} {command line}
     intx CICompilerCount                          = 4                                         {product} {ergonomic}
    uintx GCTimeRatio                              = 4                                         {product} {command line}
     bool HeapDumpOnOutOfMemoryError               = true                                   {manageable} {command line}
    ccstr HeapDumpPath                             = c:\Users\suder\AppData\Roaming\Code\User\workspaceStorage\9de31b2568cc94b8fe881a6aa0c302a1\redhat.java         {manageable} {command line}
   size_t InitialHeapSize                          = 104857600                                 {product} {command line}
   size_t MaxHeapSize                              = 1073741824                                {product} {command line}
   size_t MaxNewSize                               = 357564416                                 {product} {ergonomic}
   size_t MinHeapDeltaBytes                        = 524288                                    {product} {ergonomic}
   size_t MinHeapSize                              = 104857600                                 {product} {command line}
   size_t NewSize                                  = 34603008                                  {product} {ergonomic}
    uintx NonNMethodCodeHeapSize                   = 5839372                                {pd product} {ergonomic}
    uintx NonProfiledCodeHeapSize                  = 122909434                              {pd product} {ergonomic}
   size_t OldSize                                  = 70254592                                  {product} {ergonomic}
    uintx ProfiledCodeHeapSize                     = 122909434                              {pd product} {ergonomic}
    uintx ReservedCodeCacheSize                    = 251658240                              {pd product} {ergonomic}
     bool SegmentedCodeCache                       = true                                      {product} {ergonomic}
   size_t SoftMaxHeapSize                          = 1073741824                             {manageable} {ergonomic}
     bool UseCompressedClassPointers               = true                           {product lp64_product} {ergonomic}
     bool UseCompressedOops                        = true                           {product lp64_product} {ergonomic}
     bool UseLargePagesIndividualAllocation        = false                                  {pd product} {ergonomic}
     bool UseParallelGC                            = true                                      {product} {command line}

Logging:
Log output configuration:
 #0: stdout all=off uptime,level,tags
 #1: stderr all=off uptime,level,tags

Environment Variables:
PATH=C:\Program Files\Common Files\Oracle\Java\javapath;C:\Program Files (x86)\Common Files\Oracle\Java\java8path;C:\Program Files (x86)\Common Files\Oracle\Java\javapath;C:\Program Files (x86)\VMware\VMware Player\bin\;C:\Windows\system32;C:\Windows;C:\Windows\System32\Wbem;C:\Windows\System32\WindowsPowerShell\v1.0\;C:\Windows\System32\OpenSSH\;C:\Program Files\Git\cmd;C:\Program Files\Docker\Docker\resources\bin;C:\Program Files (x86)\Bulk Extractor 1.5.5\python;C:\Program Files (x86)\Bulk Extractor 1.5.5\32-bit;C:\Program Files (x86)\Bulk Extractor 1.5.5\64-bit;C:\Program Files\nodejs\;C:\Program Files\nodejs\npm.ps1;C:\Program Files\PuTTY\;C:\Program Files\Amazon\AWSCLIV2\;C:\Program Files\MySQL\MySQL Shell 8.0\bin\;C:\Users\suder\AppData\Local\activestate\cache\bin;C:\Users\suder\AppData\Local\ActiveState\StateTool\release\bin;C:\Users\suder\AppData\Local\Microsoft\WindowsApps;C:\Users\suder\AppData\Local\Programs\Microsoft VS Code\bin;C:\Users\suder\AppData\Local\GitHubDesktop\bin;C:\Users\suder\AppData\Roaming\npm;C:\Program Files\nodejs\npm.ps1
USERNAME=suder
OS=Windows_NT
PROCESSOR_IDENTIFIER=Intel64 Family 6 Model 190 Stepping 0, GenuineIntel
TMP=C:\Users\suder\AppData\Local\Temp
TEMP=C:\Users\suder\AppData\Local\Temp



Periodic native trim disabled


---------------  S Y S T E M  ---------------

OS:
 Windows 11 , 64 bit Build 22621 (10.0.22621.4830)
OS uptime: 3 days 11:47 hours
Hyper-V role detected

CPU: total 8 (initial active 8) (8 cores per cpu, 1 threads per core) family 6 model 190 stepping 0 microcode 0xf, cx8, cmov, fxsr, mmx, 3dnowpref, sse, sse2, sse3, ssse3, sse4.1, sse4.2, popcnt, lzcnt, tsc, tscinvbit, avx, avx2, aes, erms, clmul, bmi1, bmi2, adx, sha, fma, vzeroupper, clflush, clflushopt, clwb, hv
Processor Information for processor 0
  Max Mhz: 1800, Current Mhz: 1800, Mhz Limit: 1800
Processor Information for processor 1
  Max Mhz: 1800, Current Mhz: 1500, Mhz Limit: 1800
Processor Information for processor 2
  Max Mhz: 1800, Current Mhz: 1500, Mhz Limit: 1800
Processor Information for processor 3
  Max Mhz: 1800, Current Mhz: 1800, Mhz Limit: 1800
Processor Information for processor 4
  Max Mhz: 1800, Current Mhz: 1500, Mhz Limit: 1800
Processor Information for processor 5
  Max Mhz: 1800, Current Mhz: 1800, Mhz Limit: 1800
Processor Information for processor 6
  Max Mhz: 1800, Current Mhz: 1500, Mhz Limit: 1800
Processor Information for processor 7
  Max Mhz: 1800, Current Mhz: 1800, Mhz Limit: 1800

Memory: 4k page, system-wide physical 7812M (103M free)
TotalPageFile size 12426M (AvailPageFile size 2M)
current process WorkingSet (physical memory assigned to process): 284M, peak: 284M
current process commit charge ("private bytes"): 336M, peak: 341M

vm_info: OpenJDK 64-Bit Server VM (17.0.13+11) for windows-amd64 JRE (17.0.13+11), built on Oct 16 2024 00:10:08 by "admin" with MS VC++ 17.7 (VS2022)

END.
