#
# There is insufficient memory for the Java Runtime Environment to continue.
# Native memory allocation (malloc) failed to allocate 558112 bytes. Error detail: Chunk::new
# Possible reasons:
#   The system is out of physical RAM or swap space
#   This process is running with CompressedOops enabled, and the Java Heap may be blocking the growth of the native heap
# Possible solutions:
#   Reduce memory load on the system
#   Increase physical memory or swap space
#   Check if swap backing store is full
#   Decrease Java heap size (-Xmx/-Xms)
#   Decrease number of Java threads
#   Decrease Java thread stack sizes (-Xss)
#   Set larger code cache with -XX:ReservedCodeCacheSize=
#   JVM is running with Unscaled Compressed Oops mode in which the Java heap is
#     placed in the first 4GB address space. The Java Heap base address is the
#     maximum limit for the native heap growth. Please use -XX:HeapBaseMinAddress
#     to set the Java Heap base and to place the Java Heap above 4GB virtual address.
# This output file may be truncated or incomplete.
#
#  Out of Memory Error (arena.cpp:191), pid=1452, tid=19104
#
# JRE version: OpenJDK Runtime Environment Temurin-17.0.13+11 (17.0.13+11) (build 17.0.13+11)
# Java VM: OpenJDK 64-Bit Server VM Temurin-17.0.13+11 (17.0.13+11, mixed mode, tiered, compressed oops, compressed class ptrs, parallel gc, windows-amd64)
# No core dump will be written. Minidumps are not enabled by default on client versions of Windows
#

---------------  S U M M A R Y ------------

Command Line: --add-modules=ALL-SYSTEM --add-opens=java.base/java.util=ALL-UNNAMED --add-opens=java.base/java.lang=ALL-UNNAMED --add-opens=java.base/sun.nio.fs=ALL-UNNAMED -Declipse.application=org.eclipse.jdt.ls.core.id1 -Dosgi.bundles.defaultStartLevel=4 -Declipse.product=org.eclipse.jdt.ls.core.product -Djava.import.generatesMetadataFilesAtProjectRoot=false -DDetectVMInstallationsJob.disabled=true -Dfile.encoding=utf8 -XX:+UseParallelGC -XX:GCTimeRatio=4 -XX:AdaptiveSizePolicyWeight=90 -Dsun.zip.disableMemoryMapping=true -Xmx1G -Xms100m -Xlog:disable -javaagent:c:\Users\suder\.vscode\extensions\redhat.java-1.38.0-win32-x64\lombok\lombok-1.18.34.jar -XX:+HeapDumpOnOutOfMemoryError -XX:HeapDumpPath=c:\Users\suder\AppData\Roaming\Code\User\workspaceStorage\9de31b2568cc94b8fe881a6aa0c302a1\redhat.java -Daether.dependencyCollector.impl=bf c:\Users\suder\.vscode\extensions\redhat.java-1.38.0-win32-x64\server\plugins\org.eclipse.equinox.launcher_1.6.900.v20240613-2009.jar -configuration c:\Users\suder\AppData\Roaming\Code\User\globalStorage\redhat.java\1.38.0\config_win -data c:\Users\suder\AppData\Roaming\Code\User\workspaceStorage\9de31b2568cc94b8fe881a6aa0c302a1\redhat.java\jdt_ws --pipe=\\.\pipe\lsp-6426c1dcbe9df902e9b7d450219d4a58-sock

Host: Intel(R) Core(TM) i3-N305, 8 cores, 7G,  Windows 11 , 64 bit Build 22621 (10.0.22621.4391)
Time: Mon Jan 27 21:55:05 2025 India Standard Time elapsed time: 74.521716 seconds (0d 0h 1m 14s)

---------------  T H R E A D  ---------------

Current thread (0x00000203dc7eab40):  JavaThread "C2 CompilerThread0" daemon [_thread_in_native, id=19104, stack(0x0000005213900000,0x0000005213a00000)]


Current CompileTask:
C2:  74521 9507       4       org.apache.maven.model.Dependency::getManagementKey (94 bytes)

Stack: [0x0000005213900000,0x0000005213a00000]
Native frames: (J=compiled Java code, j=interpreted, Vv=VM code, C=native code)
V  [jvm.dll+0x682a19]
V  [jvm.dll+0x839538]
V  [jvm.dll+0x83afe3]
V  [jvm.dll+0x83b653]
V  [jvm.dll+0x24704f]
V  [jvm.dll+0xace34]
V  [jvm.dll+0xad4cc]
V  [jvm.dll+0x36597e]
V  [jvm.dll+0x32fbd8]
V  [jvm.dll+0x32f05a]
V  [jvm.dll+0x21804f]
V  [jvm.dll+0x21748f]
V  [jvm.dll+0x1a3070]
V  [jvm.dll+0x22788c]
V  [jvm.dll+0x2259eb]
V  [jvm.dll+0x7eec98]
V  [jvm.dll+0x7e8ffc]
V  [jvm.dll+0x6818f7]
C  [ucrtbase.dll+0x29333]
C  [KERNEL32.DLL+0x1259d]
C  [ntdll.dll+0x5af38]


---------------  P R O C E S S  ---------------

Threads class SMR info:
_java_thread_list=0x00000203e1dcba80, length=57, elements={
0x00000203c194be10, 0x00000203d7738020, 0x00000203d773b8d0, 0x00000203dc7e6310,
0x00000203dc7e70a0, 0x00000203dc7e7f20, 0x00000203dc7e9c50, 0x00000203dc7eab40,
0x00000203dc815050, 0x00000203dc84f490, 0x00000203dc8fabd0, 0x00000203dcb6f420,
0x00000203dde343f0, 0x00000203dc8790a0, 0x00000203de2e5980, 0x00000203de2e5e60,
0x00000203ddeadef0, 0x00000203de2c59a0, 0x00000203de2c4f80, 0x00000203de2c4a70,
0x00000203de2c5490, 0x00000203ddd81a20, 0x00000203ddd81f30, 0x00000203ddd83370,
0x00000203ddd805e0, 0x00000203ddd82e60, 0x00000203ddd82440, 0x00000203ddd7d340,
0x00000203ddd800d0, 0x00000203ddd82950, 0x00000203ddd7bf00, 0x00000203ddd83880,
0x00000203ddd80af0, 0x00000203ddd7d850, 0x00000203ddd7dd60, 0x00000203ddd7c410,
0x00000203ddd81000, 0x00000203ddd7c920, 0x00000203ddd81510, 0x00000203ddd7ce30,
0x00000203ddd7e270, 0x00000203ddd7e780, 0x00000203ddd7f1a0, 0x00000203ddd7f6b0,
0x00000203ddd7fbc0, 0x00000203de2c4050, 0x00000203de2c4560, 0x00000203e16f8e40,
0x00000203e16fa280, 0x00000203e16fa790, 0x00000203e16f7a00, 0x00000203e16f6fe0,
0x00000203e16f74f0, 0x00000203e16f9350, 0x00000203e16f7f10, 0x00000203e16f8930,
0x00000203e16f9d70
}

Java Threads: ( => current thread )
  0x00000203c194be10 JavaThread "main" [_thread_blocked, id=24812, stack(0x0000005213000000,0x0000005213100000)]
  0x00000203d7738020 JavaThread "Reference Handler" daemon [_thread_blocked, id=20324, stack(0x0000005213300000,0x0000005213400000)]
  0x00000203d773b8d0 JavaThread "Finalizer" daemon [_thread_blocked, id=21116, stack(0x0000005213400000,0x0000005213500000)]
  0x00000203dc7e6310 JavaThread "Signal Dispatcher" daemon [_thread_blocked, id=22652, stack(0x0000005213500000,0x0000005213600000)]
  0x00000203dc7e70a0 JavaThread "Attach Listener" daemon [_thread_blocked, id=10536, stack(0x0000005213600000,0x0000005213700000)]
  0x00000203dc7e7f20 JavaThread "Service Thread" daemon [_thread_blocked, id=23836, stack(0x0000005213700000,0x0000005213800000)]
  0x00000203dc7e9c50 JavaThread "Monitor Deflation Thread" daemon [_thread_blocked, id=22472, stack(0x0000005213800000,0x0000005213900000)]
=>0x00000203dc7eab40 JavaThread "C2 CompilerThread0" daemon [_thread_in_native, id=19104, stack(0x0000005213900000,0x0000005213a00000)]
  0x00000203dc815050 JavaThread "C1 CompilerThread0" daemon [_thread_blocked, id=14912, stack(0x0000005213a00000,0x0000005213b00000)]
  0x00000203dc84f490 JavaThread "Sweeper thread" daemon [_thread_blocked, id=288, stack(0x0000005213b00000,0x0000005213c00000)]
  0x00000203dc8fabd0 JavaThread "Common-Cleaner" daemon [_thread_blocked, id=19312, stack(0x0000005213c00000,0x0000005213d00000)]
  0x00000203dcb6f420 JavaThread "Notification Thread" daemon [_thread_blocked, id=23576, stack(0x0000005213d00000,0x0000005213e00000)]
  0x00000203dde343f0 JavaThread "Active Thread: Equinox Container: 4d79b975-a44d-4c7b-98d2-d0e5f75c3c51" [_thread_blocked, id=26388, stack(0x0000005214500000,0x0000005214600000)]
  0x00000203dc8790a0 JavaThread "Refresh Thread: Equinox Container: 4d79b975-a44d-4c7b-98d2-d0e5f75c3c51" daemon [_thread_blocked, id=11080, stack(0x0000005214600000,0x0000005214700000)]
  0x00000203de2e5980 JavaThread "Framework Event Dispatcher: Equinox Container: 4d79b975-a44d-4c7b-98d2-d0e5f75c3c51" daemon [_thread_blocked, id=13588, stack(0x0000005214700000,0x0000005214800000)]
  0x00000203de2e5e60 JavaThread "Start Level: Equinox Container: 4d79b975-a44d-4c7b-98d2-d0e5f75c3c51" daemon [_thread_blocked, id=14748, stack(0x0000005214800000,0x0000005214900000)]
  0x00000203ddeadef0 JavaThread "Bundle File Closer" daemon [_thread_blocked, id=1520, stack(0x0000005214a00000,0x0000005214b00000)]
  0x00000203de2c59a0 JavaThread "SCR Component Actor" daemon [_thread_blocked, id=6212, stack(0x0000005214b00000,0x0000005214c00000)]
  0x00000203de2c4f80 JavaThread "Worker-JM" [_thread_blocked, id=23616, stack(0x0000005214e00000,0x0000005214f00000)]
  0x00000203de2c4a70 JavaThread "JNA Cleaner" daemon [_thread_blocked, id=9412, stack(0x0000005214d00000,0x0000005214e00000)]
  0x00000203de2c5490 JavaThread "Worker-0" [_thread_blocked, id=26312, stack(0x0000005214f00000,0x0000005215000000)]
  0x00000203ddd81a20 JavaThread "Worker-1" [_thread_blocked, id=5404, stack(0x0000005215000000,0x0000005215100000)]
  0x00000203ddd81f30 JavaThread "Worker-2: Building" [_thread_in_Java, id=11376, stack(0x0000005215200000,0x0000005215300000)]
  0x00000203ddd83370 JavaThread "Java indexing" daemon [_thread_in_Java, id=23416, stack(0x0000005215300000,0x0000005215400000)]
  0x00000203ddd805e0 JavaThread "Worker-3: Java indexing... " [_thread_blocked, id=22536, stack(0x0000005215400000,0x0000005215500000)]
  0x00000203ddd82e60 JavaThread "Thread-2" daemon [_thread_in_native, id=4904, stack(0x0000005215500000,0x0000005215600000)]
  0x00000203ddd82440 JavaThread "Thread-3" daemon [_thread_in_native, id=25836, stack(0x0000005215600000,0x0000005215700000)]
  0x00000203ddd7d340 JavaThread "Thread-4" daemon [_thread_in_native, id=9900, stack(0x0000005215700000,0x0000005215800000)]
  0x00000203ddd800d0 JavaThread "Thread-5" daemon [_thread_in_native, id=2032, stack(0x0000005215800000,0x0000005215900000)]
  0x00000203ddd82950 JavaThread "Thread-6" daemon [_thread_in_native, id=25020, stack(0x0000005215900000,0x0000005215a00000)]
  0x00000203ddd7bf00 JavaThread "Thread-7" daemon [_thread_in_native, id=24184, stack(0x0000005215a00000,0x0000005215b00000)]
  0x00000203ddd83880 JavaThread "Thread-8" daemon [_thread_in_native, id=24084, stack(0x0000005215b00000,0x0000005215c00000)]
  0x00000203ddd80af0 JavaThread "Thread-9" daemon [_thread_in_native, id=15548, stack(0x0000005215c00000,0x0000005215d00000)]
  0x00000203ddd7d850 JavaThread "Thread-10" daemon [_thread_in_native, id=8120, stack(0x0000005215d00000,0x0000005215e00000)]
  0x00000203ddd7dd60 JavaThread "pool-2-thread-1" [_thread_blocked, id=21852, stack(0x0000005215e00000,0x0000005215f00000)]
  0x00000203ddd7c410 JavaThread "WorkspaceEventsHandler" [_thread_blocked, id=7488, stack(0x0000005215f00000,0x0000005216000000)]
  0x00000203ddd81000 JavaThread "pool-1-thread-1" [_thread_blocked, id=17368, stack(0x0000005216000000,0x0000005216100000)]
  0x00000203ddd7c920 JavaThread "Worker-4" [_thread_blocked, id=25712, stack(0x0000005216100000,0x0000005216200000)]
  0x00000203ddd81510 JavaThread "Worker-5" [_thread_blocked, id=4884, stack(0x0000005216200000,0x0000005216300000)]
  0x00000203ddd7ce30 JavaThread "Worker-6" [_thread_blocked, id=16228, stack(0x0000005216300000,0x0000005216400000)]
  0x00000203ddd7e270 JavaThread "LocalFile Deleter" daemon [_thread_blocked, id=780, stack(0x0000005216500000,0x0000005216600000)]
  0x00000203ddd7e780 JavaThread "LocalFile Deleter" daemon [_thread_blocked, id=17488, stack(0x0000005216600000,0x0000005216700000)]
  0x00000203ddd7f1a0 JavaThread "LocalFile Deleter" daemon [_thread_blocked, id=10976, stack(0x0000005216700000,0x0000005216800000)]
  0x00000203ddd7f6b0 JavaThread "LocalFile Deleter" daemon [_thread_blocked, id=5540, stack(0x0000005216800000,0x0000005216900000)]
  0x00000203ddd7fbc0 JavaThread "Compiler Source File Reader" daemon [_thread_blocked, id=25692, stack(0x0000005212e00000,0x0000005212f00000)]
  0x00000203de2c4050 JavaThread "Compiler Source File Reader" daemon [_thread_blocked, id=5356, stack(0x0000005216900000,0x0000005216a00000)]
  0x00000203de2c4560 JavaThread "Compiler Source File Reader" daemon [_thread_blocked, id=6764, stack(0x0000005216a00000,0x0000005216b00000)]
  0x00000203e16f8e40 JavaThread "Compiler Source File Reader" daemon [_thread_blocked, id=3288, stack(0x0000005216b00000,0x0000005216c00000)]
  0x00000203e16fa280 JavaThread "Compiler Processing Task" daemon [_thread_blocked, id=9236, stack(0x0000005216c00000,0x0000005216d00000)]
  0x00000203e16fa790 JavaThread "Compiler Class File Writer" daemon [_thread_blocked, id=15124, stack(0x0000005216d00000,0x0000005216e00000)]
  0x00000203e16f7a00 JavaThread "Compiler Class File Writer" daemon [_thread_blocked, id=17672, stack(0x0000005216e00000,0x0000005216f00000)]
  0x00000203e16f6fe0 JavaThread "Compiler Class File Writer" daemon [_thread_blocked, id=19564, stack(0x0000005216f00000,0x0000005217000000)]
  0x00000203e16f74f0 JavaThread "Compiler Class File Writer" daemon [_thread_blocked, id=18332, stack(0x0000005217000000,0x0000005217100000)]
  0x00000203e16f9350 JavaThread "LocalFile Deleter" daemon [_thread_blocked, id=22248, stack(0x0000005217100000,0x0000005217200000)]
  0x00000203e16f7f10 JavaThread "LocalFile Deleter" daemon [_thread_blocked, id=26156, stack(0x0000005217200000,0x0000005217300000)]
  0x00000203e16f8930 JavaThread "Compiler Source File Reader" daemon [_thread_blocked, id=16968, stack(0x0000005217300000,0x0000005217400000)]
  0x00000203e16f9d70 JavaThread "Compiler Class File Writer" daemon [_thread_blocked, id=15760, stack(0x0000005217400000,0x0000005217500000)]

Other Threads:
  0x00000203d7723e50 VMThread "VM Thread" [stack: 0x0000005213200000,0x0000005213300000] [id=18764]
  0x00000203dcb6f900 WatcherThread [stack: 0x0000005213e00000,0x0000005213f00000] [id=26080]
  0x00000203c1962200 GCTaskThread "GC Thread#0" [stack: 0x0000005213100000,0x0000005213200000] [id=9352]
  0x00000203ddd99500 GCTaskThread "GC Thread#1" [stack: 0x0000005213f00000,0x0000005214000000] [id=25640]
  0x00000203ddd99bd0 GCTaskThread "GC Thread#2" [stack: 0x0000005214000000,0x0000005214100000] [id=18224]
  0x00000203ddbfb020 GCTaskThread "GC Thread#3" [stack: 0x0000005214100000,0x0000005214200000] [id=10964]
  0x00000203ddbfb2e0 GCTaskThread "GC Thread#4" [stack: 0x0000005214200000,0x0000005214300000] [id=12172]
  0x00000203ddbfb5a0 GCTaskThread "GC Thread#5" [stack: 0x0000005214300000,0x0000005214400000] [id=11892]
  0x00000203ddbfb860 GCTaskThread "GC Thread#6" [stack: 0x0000005214400000,0x0000005214500000] [id=23892]
  0x00000203dcb5fb60 GCTaskThread "GC Thread#7" [stack: 0x0000005214900000,0x0000005214a00000] [id=17456]

Threads with active compile tasks:
C2 CompilerThread0    74578 9507       4       org.apache.maven.model.Dependency::getManagementKey (94 bytes)

VM state: not at safepoint (normal execution)

VM Mutex/Monitor currently owned by a thread: None

Heap address: 0x00000000c0000000, size: 1024 MB, Compressed Oops mode: 32-bit

CDS archive(s) not mapped
Compressed class space mapped at: 0x0000000100000000-0x0000000140000000, reserved size: 1073741824
Narrow klass base: 0x0000000000000000, Narrow klass shift: 3, Narrow klass range: 0x140000000

GC Precious Log:
 CPUs: 8 total, 8 available
 Memory: 7812M
 Large Page Support: Disabled
 NUMA Support: Disabled
 Compressed Oops: Enabled (32-bit)
 Alignments: Space 512K, Generation 512K, Heap 2M
 Heap Min Capacity: 100M
 Heap Initial Capacity: 100M
 Heap Max Capacity: 1G
 Pre-touch: Disabled
 Parallel Workers: 8

Heap:
 PSYoungGen      total 7168K, used 6695K [0x00000000eab00000, 0x00000000eb880000, 0x0000000100000000)
  eden space 3072K, 91% used [0x00000000eab00000,0x00000000eadbd9d0,0x00000000eae00000)
  from space 4096K, 94% used [0x00000000eae00000,0x00000000eb1cc2e0,0x00000000eb200000)
  to   space 5120K, 0% used [0x00000000eb380000,0x00000000eb380000,0x00000000eb880000)
 ParOldGen       total 312832K, used 293890K [0x00000000c0000000, 0x00000000d3180000, 0x00000000eab00000)
  object space 312832K, 93% used [0x00000000c0000000,0x00000000d1f00b40,0x00000000d3180000)
 Metaspace       used 67043K, committed 68160K, reserved 1114112K
  class space    used 7191K, committed 7680K, reserved 1048576K

Card table byte_map: [0x00000203d4fb0000,0x00000203d51c0000] _byte_map_base: 0x00000203d49b0000

Marking Bits: (ParMarkBitMap*) 0x00007ff859156940
 Begin Bits: [0x00000203d5320000, 0x00000203d6320000)
 End Bits:   [0x00000203d6320000, 0x00000203d7320000)

Polling page: 0x00000203c1a00000

Metaspace:

Usage:
  Non-class:     58.45 MB used.
      Class:      7.02 MB used.
       Both:     65.47 MB used.

Virtual space:
  Non-class space:       64.00 MB reserved,      59.06 MB ( 92%) committed,  1 nodes.
      Class space:        1.00 GB reserved,       7.50 MB ( <1%) committed,  1 nodes.
             Both:        1.06 GB reserved,      66.56 MB (  6%) committed. 

Chunk freelists:
   Non-Class:  3.98 MB
       Class:  8.31 MB
        Both:  12.30 MB

MaxMetaspaceSize: unlimited
CompressedClassSpaceSize: 1.00 GB
Initial GC threshold: 21.00 MB
Current GC threshold: 110.75 MB
CDS: off
MetaspaceReclaimPolicy: balanced
 - commit_granule_bytes: 65536.
 - commit_granule_words: 8192.
 - virtual_space_node_default_size: 8388608.
 - enlarge_chunks_in_place: 1.
 - new_chunks_are_fully_committed: 0.
 - uncommit_free_chunks: 1.
 - use_allocation_guard: 0.
 - handle_deallocations: 1.


Internal statistics:

num_allocs_failed_limit: 9.
num_arena_births: 820.
num_arena_deaths: 14.
num_vsnodes_births: 2.
num_vsnodes_deaths: 0.
num_space_committed: 1065.
num_space_uncommitted: 0.
num_chunks_returned_to_freelist: 23.
num_chunks_taken_from_freelist: 3521.
num_chunk_merges: 14.
num_chunk_splits: 2087.
num_chunks_enlarged: 1085.
num_inconsistent_stats: 0.

CodeHeap 'non-profiled nmethods': size=120000Kb used=5167Kb max_used=5167Kb free=114832Kb
 bounds [0x00000203cd8a0000, 0x00000203cddb0000, 0x00000203d4dd0000]
CodeHeap 'profiled nmethods': size=120000Kb used=15770Kb max_used=15770Kb free=104230Kb
 bounds [0x00000203c5dd0000, 0x00000203c6d40000, 0x00000203cd300000]
CodeHeap 'non-nmethods': size=5760Kb used=1386Kb max_used=1432Kb free=4373Kb
 bounds [0x00000203cd300000, 0x00000203cd570000, 0x00000203cd8a0000]
 total_blobs=8576 nmethods=7842 adapters=646
 compilation: enabled
              stopped_count=0, restarted_count=0
 full_count=0

Compilation events (20 events):
Event: 74.466 Thread 0x00000203dc815050 nmethod 9506 0x00000203c6d2ca90 code [0x00000203c6d2cca0, 0x00000203c6d2d268]
Event: 74.467 Thread 0x00000203dc7eab40 9507       4       org.apache.maven.model.Dependency::getManagementKey (94 bytes)
Event: 74.481 Thread 0x00000203dc815050 9509       3       java.util.concurrent.ConcurrentHashMap::putAll (63 bytes)
Event: 74.488 Thread 0x00000203dc815050 nmethod 9509 0x00000203c6d2d590 code [0x00000203c6d2d7c0, 0x00000203c6d2e028]
Event: 74.492 Thread 0x00000203dc815050 9510       1       org.eclipse.aether.repository.LocalRepository::getBasedir (5 bytes)
Event: 74.492 Thread 0x00000203dc815050 nmethod 9510 0x00000203cddaba10 code [0x00000203cddabba0, 0x00000203cddabc78]
Event: 74.506 Thread 0x00000203dc815050 9511       3       org.eclipse.sisu.inject.QualifyingStrategy$2::qualifies (23 bytes)
Event: 74.506 Thread 0x00000203dc815050 nmethod 9511 0x00000203c6d2e290 code [0x00000203c6d2e440, 0x00000203c6d2e7c8]
Event: 74.507 Thread 0x00000203dc815050 9512       3       com.google.inject.internal.aop.ClassBuilding::visitMembers (46 bytes)
Event: 74.509 Thread 0x00000203dc815050 nmethod 9512 0x00000203c6d2e910 code [0x00000203c6d2eae0, 0x00000203c6d2ef98]
Event: 74.509 Thread 0x00000203dc815050 9513       3       com.google.inject.internal.asm.$ClassWriter::visitField (53 bytes)
Event: 74.510 Thread 0x00000203dc815050 nmethod 9513 0x00000203c6d2f190 code [0x00000203c6d2f340, 0x00000203c6d2f5c8]
Event: 74.510 Thread 0x00000203dc815050 9514       3       com.google.inject.internal.asm.$FieldWriter::<init> (69 bytes)
Event: 74.511 Thread 0x00000203dc815050 nmethod 9514 0x00000203c6d2f710 code [0x00000203c6d2f900, 0x00000203c6d2fc88]
Event: 74.511 Thread 0x00000203dc815050 9515       3       com.google.inject.internal.asm.$FieldVisitor::<init> (7 bytes)
Event: 74.511 Thread 0x00000203dc815050 nmethod 9515 0x00000203c6d2fe90 code [0x00000203c6d30040, 0x00000203c6d30188]
Event: 74.511 Thread 0x00000203dc815050 9516       3       com.google.inject.internal.asm.$FieldVisitor::<init> (94 bytes)
Event: 74.513 Thread 0x00000203dc815050 nmethod 9516 0x00000203c6d30210 code [0x00000203c6d30460, 0x00000203c6d30ce8]
Event: 74.513 Thread 0x00000203dc815050 9518       3       com.google.inject.internal.asm.$FieldWriter::visitEnd (1 bytes)
Event: 74.513 Thread 0x00000203dc815050 nmethod 9518 0x00000203c6d31010 code [0x00000203c6d311a0, 0x00000203c6d312b8]

GC Heap History (20 events):
Event: 73.756 GC heap before
{Heap before GC invocations=441 (full 13):
 PSYoungGen      total 5120K, used 5106K [0x00000000eab00000, 0x00000000eb480000, 0x0000000100000000)
  eden space 2048K, 100% used [0x00000000eab00000,0x00000000ead00000,0x00000000ead00000)
  from space 3072K, 99% used [0x00000000ead00000,0x00000000eaffc828,0x00000000eb000000)
  to   space 3584K, 0% used [0x00000000eb100000,0x00000000eb100000,0x00000000eb480000)
 ParOldGen       total 312832K, used 281593K [0x00000000c0000000, 0x00000000d3180000, 0x00000000eab00000)
  object space 312832K, 90% used [0x00000000c0000000,0x00000000d12fe5e0,0x00000000d3180000)
 Metaspace       used 67022K, committed 68096K, reserved 1114112K
  class space    used 7191K, committed 7680K, reserved 1048576K
}
Event: 73.761 GC heap after
{Heap after GC invocations=441 (full 13):
 PSYoungGen      total 5632K, used 2779K [0x00000000eab00000, 0x00000000eb400000, 0x0000000100000000)
  eden space 2560K, 0% used [0x00000000eab00000,0x00000000eab00000,0x00000000ead80000)
  from space 3072K, 90% used [0x00000000eb100000,0x00000000eb3b6e90,0x00000000eb400000)
  to   space 3072K, 0% used [0x00000000eae00000,0x00000000eae00000,0x00000000eb100000)
 ParOldGen       total 312832K, used 282670K [0x00000000c0000000, 0x00000000d3180000, 0x00000000eab00000)
  object space 312832K, 90% used [0x00000000c0000000,0x00000000d140ba48,0x00000000d3180000)
 Metaspace       used 67022K, committed 68096K, reserved 1114112K
  class space    used 7191K, committed 7680K, reserved 1048576K
}
Event: 73.885 GC heap before
{Heap before GC invocations=442 (full 13):
 PSYoungGen      total 5632K, used 5314K [0x00000000eab00000, 0x00000000eb400000, 0x0000000100000000)
  eden space 2560K, 98% used [0x00000000eab00000,0x00000000ead79998,0x00000000ead80000)
  from space 3072K, 90% used [0x00000000eb100000,0x00000000eb3b6e90,0x00000000eb400000)
  to   space 3072K, 0% used [0x00000000eae00000,0x00000000eae00000,0x00000000eb100000)
 ParOldGen       total 312832K, used 282670K [0x00000000c0000000, 0x00000000d3180000, 0x00000000eab00000)
  object space 312832K, 90% used [0x00000000c0000000,0x00000000d140ba48,0x00000000d3180000)
 Metaspace       used 67022K, committed 68096K, reserved 1114112K
  class space    used 7191K, committed 7680K, reserved 1048576K
}
Event: 73.889 GC heap after
{Heap after GC invocations=442 (full 13):
 PSYoungGen      total 6144K, used 3057K [0x00000000eab00000, 0x00000000eb600000, 0x0000000100000000)
  eden space 3072K, 0% used [0x00000000eab00000,0x00000000eab00000,0x00000000eae00000)
  from space 3072K, 99% used [0x00000000eae00000,0x00000000eb0fc780,0x00000000eb100000)
  to   space 4096K, 0% used [0x00000000eb200000,0x00000000eb200000,0x00000000eb600000)
 ParOldGen       total 312832K, used 283261K [0x00000000c0000000, 0x00000000d3180000, 0x00000000eab00000)
  object space 312832K, 90% used [0x00000000c0000000,0x00000000d149f538,0x00000000d3180000)
 Metaspace       used 67022K, committed 68096K, reserved 1114112K
  class space    used 7191K, committed 7680K, reserved 1048576K
}
Event: 73.956 GC heap before
{Heap before GC invocations=443 (full 13):
 PSYoungGen      total 6144K, used 6098K [0x00000000eab00000, 0x00000000eb600000, 0x0000000100000000)
  eden space 3072K, 98% used [0x00000000eab00000,0x00000000eadf8448,0x00000000eae00000)
  from space 3072K, 99% used [0x00000000eae00000,0x00000000eb0fc780,0x00000000eb100000)
  to   space 4096K, 0% used [0x00000000eb200000,0x00000000eb200000,0x00000000eb600000)
 ParOldGen       total 312832K, used 283261K [0x00000000c0000000, 0x00000000d3180000, 0x00000000eab00000)
  object space 312832K, 90% used [0x00000000c0000000,0x00000000d149f538,0x00000000d3180000)
 Metaspace       used 67023K, committed 68096K, reserved 1114112K
  class space    used 7191K, committed 7680K, reserved 1048576K
}
Event: 73.960 GC heap after
{Heap after GC invocations=443 (full 13):
 PSYoungGen      total 7168K, used 3274K [0x00000000eab00000, 0x00000000eb580000, 0x0000000100000000)
  eden space 3584K, 0% used [0x00000000eab00000,0x00000000eab00000,0x00000000eae80000)
  from space 3584K, 91% used [0x00000000eb200000,0x00000000eb532b30,0x00000000eb580000)
  to   space 3584K, 0% used [0x00000000eae80000,0x00000000eae80000,0x00000000eb200000)
 ParOldGen       total 312832K, used 284132K [0x00000000c0000000, 0x00000000d3180000, 0x00000000eab00000)
  object space 312832K, 90% used [0x00000000c0000000,0x00000000d1579318,0x00000000d3180000)
 Metaspace       used 67023K, committed 68096K, reserved 1114112K
  class space    used 7191K, committed 7680K, reserved 1048576K
}
Event: 74.000 GC heap before
{Heap before GC invocations=444 (full 13):
 PSYoungGen      total 7168K, used 6858K [0x00000000eab00000, 0x00000000eb580000, 0x0000000100000000)
  eden space 3584K, 100% used [0x00000000eab00000,0x00000000eae80000,0x00000000eae80000)
  from space 3584K, 91% used [0x00000000eb200000,0x00000000eb532b30,0x00000000eb580000)
  to   space 3584K, 0% used [0x00000000eae80000,0x00000000eae80000,0x00000000eb200000)
 ParOldGen       total 312832K, used 284132K [0x00000000c0000000, 0x00000000d3180000, 0x00000000eab00000)
  object space 312832K, 90% used [0x00000000c0000000,0x00000000d1579318,0x00000000d3180000)
 Metaspace       used 67023K, committed 68096K, reserved 1114112K
  class space    used 7191K, committed 7680K, reserved 1048576K
}
Event: 74.004 GC heap after
{Heap after GC invocations=444 (full 13):
 PSYoungGen      total 7168K, used 3563K [0x00000000eab00000, 0x00000000eb900000, 0x0000000100000000)
  eden space 3584K, 0% used [0x00000000eab00000,0x00000000eab00000,0x00000000eae80000)
  from space 3584K, 99% used [0x00000000eae80000,0x00000000eb1faf98,0x00000000eb200000)
  to   space 5120K, 0% used [0x00000000eb400000,0x00000000eb400000,0x00000000eb900000)
 ParOldGen       total 312832K, used 285116K [0x00000000c0000000, 0x00000000d3180000, 0x00000000eab00000)
  object space 312832K, 91% used [0x00000000c0000000,0x00000000d166f0f8,0x00000000d3180000)
 Metaspace       used 67023K, committed 68096K, reserved 1114112K
  class space    used 7191K, committed 7680K, reserved 1048576K
}
Event: 74.042 GC heap before
{Heap before GC invocations=445 (full 13):
 PSYoungGen      total 7168K, used 7137K [0x00000000eab00000, 0x00000000eb900000, 0x0000000100000000)
  eden space 3584K, 99% used [0x00000000eab00000,0x00000000eae7d750,0x00000000eae80000)
  from space 3584K, 99% used [0x00000000eae80000,0x00000000eb1faf98,0x00000000eb200000)
  to   space 5120K, 0% used [0x00000000eb400000,0x00000000eb400000,0x00000000eb900000)
 ParOldGen       total 312832K, used 285116K [0x00000000c0000000, 0x00000000d3180000, 0x00000000eab00000)
  object space 312832K, 91% used [0x00000000c0000000,0x00000000d166f0f8,0x00000000d3180000)
 Metaspace       used 67023K, committed 68096K, reserved 1114112K
  class space    used 7191K, committed 7680K, reserved 1048576K
}
Event: 74.046 GC heap after
{Heap after GC invocations=445 (full 13):
 PSYoungGen      total 8704K, used 4157K [0x00000000eab00000, 0x00000000eb880000, 0x0000000100000000)
  eden space 4096K, 0% used [0x00000000eab00000,0x00000000eab00000,0x00000000eaf00000)
  from space 4608K, 90% used [0x00000000eb400000,0x00000000eb80f740,0x00000000eb880000)
  to   space 4608K, 0% used [0x00000000eaf80000,0x00000000eaf80000,0x00000000eb400000)
 ParOldGen       total 312832K, used 286059K [0x00000000c0000000, 0x00000000d3180000, 0x00000000eab00000)
  object space 312832K, 91% used [0x00000000c0000000,0x00000000d175aca8,0x00000000d3180000)
 Metaspace       used 67023K, committed 68096K, reserved 1114112K
  class space    used 7191K, committed 7680K, reserved 1048576K
}
Event: 74.068 GC heap before
{Heap before GC invocations=446 (full 13):
 PSYoungGen      total 8704K, used 8230K [0x00000000eab00000, 0x00000000eb880000, 0x0000000100000000)
  eden space 4096K, 99% used [0x00000000eab00000,0x00000000eaefa3c0,0x00000000eaf00000)
  from space 4608K, 90% used [0x00000000eb400000,0x00000000eb80f740,0x00000000eb880000)
  to   space 4608K, 0% used [0x00000000eaf80000,0x00000000eaf80000,0x00000000eb400000)
 ParOldGen       total 312832K, used 286059K [0x00000000c0000000, 0x00000000d3180000, 0x00000000eab00000)
  object space 312832K, 91% used [0x00000000c0000000,0x00000000d175aca8,0x00000000d3180000)
 Metaspace       used 67023K, committed 68096K, reserved 1114112K
  class space    used 7191K, committed 7680K, reserved 1048576K
}
Event: 74.072 GC heap after
{Heap after GC invocations=446 (full 13):
 PSYoungGen      total 8704K, used 4600K [0x00000000eab00000, 0x00000000eb880000, 0x0000000100000000)
  eden space 4096K, 0% used [0x00000000eab00000,0x00000000eab00000,0x00000000eaf00000)
  from space 4608K, 99% used [0x00000000eaf80000,0x00000000eb3fe018,0x00000000eb400000)
  to   space 4608K, 0% used [0x00000000eb400000,0x00000000eb400000,0x00000000eb880000)
 ParOldGen       total 312832K, used 287077K [0x00000000c0000000, 0x00000000d3180000, 0x00000000eab00000)
  object space 312832K, 91% used [0x00000000c0000000,0x00000000d18597d8,0x00000000d3180000)
 Metaspace       used 67023K, committed 68096K, reserved 1114112K
  class space    used 7191K, committed 7680K, reserved 1048576K
}
Event: 74.117 GC heap before
{Heap before GC invocations=447 (full 13):
 PSYoungGen      total 8704K, used 8696K [0x00000000eab00000, 0x00000000eb880000, 0x0000000100000000)
  eden space 4096K, 100% used [0x00000000eab00000,0x00000000eaf00000,0x00000000eaf00000)
  from space 4608K, 99% used [0x00000000eaf80000,0x00000000eb3fe018,0x00000000eb400000)
  to   space 4608K, 0% used [0x00000000eb400000,0x00000000eb400000,0x00000000eb880000)
 ParOldGen       total 312832K, used 287077K [0x00000000c0000000, 0x00000000d3180000, 0x00000000eab00000)
  object space 312832K, 91% used [0x00000000c0000000,0x00000000d18597d8,0x00000000d3180000)
 Metaspace       used 67024K, committed 68096K, reserved 1114112K
  class space    used 7191K, committed 7680K, reserved 1048576K
}
Event: 74.121 GC heap after
{Heap after GC invocations=447 (full 13):
 PSYoungGen      total 8704K, used 4600K [0x00000000eab00000, 0x00000000eb880000, 0x0000000100000000)
  eden space 4096K, 0% used [0x00000000eab00000,0x00000000eab00000,0x00000000eaf00000)
  from space 4608K, 99% used [0x00000000eb400000,0x00000000eb87e258,0x00000000eb880000)
  to   space 4608K, 0% used [0x00000000eaf80000,0x00000000eaf80000,0x00000000eb400000)
 ParOldGen       total 312832K, used 288682K [0x00000000c0000000, 0x00000000d3180000, 0x00000000eab00000)
  object space 312832K, 92% used [0x00000000c0000000,0x00000000d19eaa00,0x00000000d3180000)
 Metaspace       used 67024K, committed 68096K, reserved 1114112K
  class space    used 7191K, committed 7680K, reserved 1048576K
}
Event: 74.198 GC heap before
{Heap before GC invocations=448 (full 13):
 PSYoungGen      total 8704K, used 8696K [0x00000000eab00000, 0x00000000eb880000, 0x0000000100000000)
  eden space 4096K, 100% used [0x00000000eab00000,0x00000000eaf00000,0x00000000eaf00000)
  from space 4608K, 99% used [0x00000000eb400000,0x00000000eb87e258,0x00000000eb880000)
  to   space 4608K, 0% used [0x00000000eaf80000,0x00000000eaf80000,0x00000000eb400000)
 ParOldGen       total 312832K, used 288682K [0x00000000c0000000, 0x00000000d3180000, 0x00000000eab00000)
  object space 312832K, 92% used [0x00000000c0000000,0x00000000d19eaa00,0x00000000d3180000)
 Metaspace       used 67024K, committed 68096K, reserved 1114112K
  class space    used 7191K, committed 7680K, reserved 1048576K
}
Event: 74.204 GC heap after
{Heap after GC invocations=448 (full 13):
 PSYoungGen      total 9216K, used 4468K [0x00000000eab00000, 0x00000000eb980000, 0x0000000100000000)
  eden space 4608K, 0% used [0x00000000eab00000,0x00000000eab00000,0x00000000eaf80000)
  from space 4608K, 96% used [0x00000000eaf80000,0x00000000eb3dd280,0x00000000eb400000)
  to   space 5120K, 0% used [0x00000000eb480000,0x00000000eb480000,0x00000000eb980000)
 ParOldGen       total 312832K, used 290540K [0x00000000c0000000, 0x00000000d3180000, 0x00000000eab00000)
  object space 312832K, 92% used [0x00000000c0000000,0x00000000d1bbb2e0,0x00000000d3180000)
 Metaspace       used 67024K, committed 68096K, reserved 1114112K
  class space    used 7191K, committed 7680K, reserved 1048576K
}
Event: 74.228 GC heap before
{Heap before GC invocations=449 (full 13):
 PSYoungGen      total 9216K, used 9007K [0x00000000eab00000, 0x00000000eb980000, 0x0000000100000000)
  eden space 4608K, 98% used [0x00000000eab00000,0x00000000eaf6ec40,0x00000000eaf80000)
  from space 4608K, 96% used [0x00000000eaf80000,0x00000000eb3dd280,0x00000000eb400000)
  to   space 5120K, 0% used [0x00000000eb480000,0x00000000eb480000,0x00000000eb980000)
 ParOldGen       total 312832K, used 290540K [0x00000000c0000000, 0x00000000d3180000, 0x00000000eab00000)
  object space 312832K, 92% used [0x00000000c0000000,0x00000000d1bbb2e0,0x00000000d3180000)
 Metaspace       used 67026K, committed 68096K, reserved 1114112K
  class space    used 7191K, committed 7680K, reserved 1048576K
}
Event: 74.232 GC heap after
{Heap after GC invocations=449 (full 13):
 PSYoungGen      total 8192K, used 5116K [0x00000000eab00000, 0x00000000ebd00000, 0x0000000100000000)
  eden space 3072K, 0% used [0x00000000eab00000,0x00000000eab00000,0x00000000eae00000)
  from space 5120K, 99% used [0x00000000eb480000,0x00000000eb97f250,0x00000000eb980000)
  to   space 6656K, 0% used [0x00000000eae00000,0x00000000eae00000,0x00000000eb480000)
 ParOldGen       total 312832K, used 291570K [0x00000000c0000000, 0x00000000d3180000, 0x00000000eab00000)
  object space 312832K, 93% used [0x00000000c0000000,0x00000000d1cbc850,0x00000000d3180000)
 Metaspace       used 67026K, committed 68096K, reserved 1114112K
  class space    used 7191K, committed 7680K, reserved 1048576K
}
Event: 74.483 GC heap before
{Heap before GC invocations=450 (full 13):
 PSYoungGen      total 8192K, used 8184K [0x00000000eab00000, 0x00000000ebd00000, 0x0000000100000000)
  eden space 3072K, 99% used [0x00000000eab00000,0x00000000eadff120,0x00000000eae00000)
  from space 5120K, 99% used [0x00000000eb480000,0x00000000eb97f250,0x00000000eb980000)
  to   space 6656K, 0% used [0x00000000eae00000,0x00000000eae00000,0x00000000eb480000)
 ParOldGen       total 312832K, used 291570K [0x00000000c0000000, 0x00000000d3180000, 0x00000000eab00000)
  object space 312832K, 93% used [0x00000000c0000000,0x00000000d1cbc850,0x00000000d3180000)
 Metaspace       used 67032K, committed 68160K, reserved 1114112K
  class space    used 7191K, committed 7680K, reserved 1048576K
}
Event: 74.488 GC heap after
{Heap after GC invocations=450 (full 13):
 PSYoungGen      total 7168K, used 3888K [0x00000000eab00000, 0x00000000eb880000, 0x0000000100000000)
  eden space 3072K, 0% used [0x00000000eab00000,0x00000000eab00000,0x00000000eae00000)
  from space 4096K, 94% used [0x00000000eae00000,0x00000000eb1cc2e0,0x00000000eb200000)
  to   space 5120K, 0% used [0x00000000eb380000,0x00000000eb380000,0x00000000eb880000)
 ParOldGen       total 312832K, used 293890K [0x00000000c0000000, 0x00000000d3180000, 0x00000000eab00000)
  object space 312832K, 93% used [0x00000000c0000000,0x00000000d1f00b40,0x00000000d3180000)
 Metaspace       used 67032K, committed 68160K, reserved 1114112K
  class space    used 7191K, committed 7680K, reserved 1048576K
}

Dll operation events (12 events):
Event: 0.101 Loaded shared library c:\Users\suder\.vscode\extensions\redhat.java-1.38.0-win32-x64\jre\17.0.13-win32-x86_64\bin\java.dll
Event: 0.519 Loaded shared library c:\Users\suder\.vscode\extensions\redhat.java-1.38.0-win32-x64\jre\17.0.13-win32-x86_64\bin\zip.dll
Event: 0.528 Loaded shared library C:\Users\suder\.vscode\extensions\redhat.java-1.38.0-win32-x64\jre\17.0.13-win32-x86_64\bin\instrument.dll
Event: 0.561 Loaded shared library C:\Users\suder\.vscode\extensions\redhat.java-1.38.0-win32-x64\jre\17.0.13-win32-x86_64\bin\net.dll
Event: 0.567 Loaded shared library C:\Users\suder\.vscode\extensions\redhat.java-1.38.0-win32-x64\jre\17.0.13-win32-x86_64\bin\nio.dll
Event: 0.583 Loaded shared library C:\Users\suder\.vscode\extensions\redhat.java-1.38.0-win32-x64\jre\17.0.13-win32-x86_64\bin\zip.dll
Event: 0.617 Loaded shared library C:\Users\suder\.vscode\extensions\redhat.java-1.38.0-win32-x64\jre\17.0.13-win32-x86_64\bin\jimage.dll
Event: 0.759 Loaded shared library c:\Users\suder\.vscode\extensions\redhat.java-1.38.0-win32-x64\jre\17.0.13-win32-x86_64\bin\verify.dll
Event: 12.202 Loaded shared library C:\Users\suder\AppData\Roaming\Code\User\globalStorage\redhat.java\1.38.0\config_win\org.eclipse.equinox.launcher\org.eclipse.equinox.launcher.win32.win32.x86_64_1.2.1100.v20240722-2106\eclipse_11904.dll
Event: 28.618 Loaded shared library C:\Users\suder\AppData\Local\Temp\jna-109789807\jna7291798553372935277.dll
Event: 35.058 Loaded shared library C:\Users\suder\.vscode\extensions\redhat.java-1.38.0-win32-x64\jre\17.0.13-win32-x86_64\bin\sunmscapi.dll
Event: 35.655 Loaded shared library C:\Users\suder\.vscode\extensions\redhat.java-1.38.0-win32-x64\jre\17.0.13-win32-x86_64\bin\extnet.dll

Deoptimization events (20 events):
Event: 71.270 Thread 0x00000203ddd81f30 DEOPT PACKING pc=0x00000203cdda3f5c sp=0x00000052152fd3a0
Event: 71.270 Thread 0x00000203ddd81f30 DEOPT UNPACKING pc=0x00000203cd3566a3 sp=0x00000052152fd330 mode 2
Event: 71.270 Thread 0x00000203ddd81f30 Uncommon trap: trap_request=0xffffffbe fr.pc=0x00000203cdda3f5c relative=0x0000000000000c3c
Event: 71.270 Thread 0x00000203ddd81f30 Uncommon trap: reason=profile_predicate action=maybe_recompile pc=0x00000203cdda3f5c method=java.util.regex.Pattern$CharPropertyGreedy.match(Ljava/util/regex/Matcher;ILjava/lang/CharSequence;)Z @ 103 c2
Event: 71.270 Thread 0x00000203ddd81f30 DEOPT PACKING pc=0x00000203cdda3f5c sp=0x00000052152fcfc0
Event: 71.270 Thread 0x00000203ddd81f30 DEOPT UNPACKING pc=0x00000203cd3566a3 sp=0x00000052152fcf50 mode 2
Event: 71.270 Thread 0x00000203ddd81f30 Uncommon trap: trap_request=0xffffffbe fr.pc=0x00000203cdda3f5c relative=0x0000000000000c3c
Event: 71.270 Thread 0x00000203ddd81f30 Uncommon trap: reason=profile_predicate action=maybe_recompile pc=0x00000203cdda3f5c method=java.util.regex.Pattern$CharPropertyGreedy.match(Ljava/util/regex/Matcher;ILjava/lang/CharSequence;)Z @ 103 c2
Event: 71.270 Thread 0x00000203ddd81f30 DEOPT PACKING pc=0x00000203cdda3f5c sp=0x00000052152fcfc0
Event: 71.270 Thread 0x00000203ddd81f30 DEOPT UNPACKING pc=0x00000203cd3566a3 sp=0x00000052152fcf50 mode 2
Event: 73.774 Thread 0x00000203ddd81f30 DEOPT PACKING pc=0x00000203c5ec00d7 sp=0x00000052152fd0e0
Event: 73.774 Thread 0x00000203ddd81f30 DEOPT UNPACKING pc=0x00000203cd356e43 sp=0x00000052152fc5c0 mode 0
Event: 74.490 Thread 0x00000203ddd81f30 Uncommon trap: trap_request=0xffffffc6 fr.pc=0x00000203cdb66198 relative=0x0000000000000078
Event: 74.490 Thread 0x00000203ddd81f30 Uncommon trap: reason=bimorphic_or_optimized_type_check action=maybe_recompile pc=0x00000203cdb66198 method=java.util.Collections$UnmodifiableMap$UnmodifiableEntrySet$UnmodifiableEntry.getValue()Ljava/lang/Object; @ 4 c2
Event: 74.490 Thread 0x00000203ddd81f30 DEOPT PACKING pc=0x00000203cdb66198 sp=0x00000052152fd490
Event: 74.490 Thread 0x00000203ddd81f30 DEOPT UNPACKING pc=0x00000203cd3566a3 sp=0x00000052152fd418 mode 2
Event: 74.507 Thread 0x00000203ddd81f30 Uncommon trap: trap_request=0xffffff6e fr.pc=0x00000203cdd5b3b0 relative=0x00000000000059b0
Event: 74.507 Thread 0x00000203ddd81f30 Uncommon trap: reason=loop_limit_check action=maybe_recompile pc=0x00000203cdd5b3b0 method=com.google.inject.spi.InjectionPoint.getInjectionPoints(Lcom/google/inject/TypeLiteral;ZLcom/google/inject/internal/Errors;)Ljava/util/Set; @ 34 c2
Event: 74.507 Thread 0x00000203ddd81f30 DEOPT PACKING pc=0x00000203cdd5b3b0 sp=0x00000052152fb2c0
Event: 74.507 Thread 0x00000203ddd81f30 DEOPT UNPACKING pc=0x00000203cd3566a3 sp=0x00000052152fb270 mode 2

Classes loaded (20 events):
Event: 59.668 Loading class java/util/concurrent/CountedCompleter
Event: 59.668 Loading class java/util/concurrent/CountedCompleter done
Event: 62.100 Loading class java/util/regex/Pattern$Caret
Event: 62.101 Loading class java/util/regex/Pattern$Caret done
Event: 62.699 Loading class java/nio/file/FileTreeIterator
Event: 62.699 Loading class java/nio/file/FileTreeIterator done
Event: 62.940 Loading class java/util/stream/ReduceOps$4
Event: 62.941 Loading class java/util/stream/ReduceOps$4 done
Event: 62.943 Loading class java/util/stream/ReduceOps$4ReducingSink
Event: 62.943 Loading class java/util/stream/ReduceOps$4ReducingSink done
Event: 62.946 Loading class java/nio/file/Files$2
Event: 62.947 Loading class java/nio/file/Files$2 done
Event: 63.952 Loading class java/util/concurrent/ArrayBlockingQueue
Event: 63.954 Loading class java/util/concurrent/ArrayBlockingQueue done
Event: 64.308 Loading class java/util/Hashtable$ValueCollection
Event: 64.309 Loading class java/util/Hashtable$ValueCollection done
Event: 64.316 Loading class java/util/concurrent/ConcurrentHashMap$KeySpliterator
Event: 64.317 Loading class java/util/concurrent/ConcurrentHashMap$KeySpliterator done
Event: 64.345 Loading class java/nio/channels/Channels$1
Event: 64.346 Loading class java/nio/channels/Channels$1 done

Classes unloaded (7 events):
Event: 31.138 Thread 0x00000203d7723e50 Unloading class 0x0000000100254000 'java/lang/invoke/LambdaForm$MH+0x0000000100254000'
Event: 31.138 Thread 0x00000203d7723e50 Unloading class 0x0000000100253c00 'java/lang/invoke/LambdaForm$MH+0x0000000100253c00'
Event: 31.138 Thread 0x00000203d7723e50 Unloading class 0x0000000100253800 'java/lang/invoke/LambdaForm$MH+0x0000000100253800'
Event: 31.138 Thread 0x00000203d7723e50 Unloading class 0x0000000100253400 'java/lang/invoke/LambdaForm$MH+0x0000000100253400'
Event: 31.138 Thread 0x00000203d7723e50 Unloading class 0x0000000100253000 'java/lang/invoke/LambdaForm$BMH+0x0000000100253000'
Event: 31.138 Thread 0x00000203d7723e50 Unloading class 0x0000000100252c00 'java/lang/invoke/LambdaForm$DMH+0x0000000100252c00'
Event: 31.138 Thread 0x00000203d7723e50 Unloading class 0x0000000100250400 'java/lang/invoke/LambdaForm$DMH+0x0000000100250400'

Classes redefined (0 events):
No events

Internal exceptions (20 events):
Event: 58.746 Thread 0x00000203ddd81f30 Exception <a 'java/lang/NoSuchMethodError'{0x00000000eace9d58}: 'java.lang.Object java.lang.invoke.DirectMethodHandle$Holder.invokeVirtual(java.lang.Object, java.lang.Object, java.lang.Object)'> (0x00000000eace9d58) 
thrown [s\src\hotspot\share\interpreter\linkResolver.cpp, line 759]
Event: 59.613 Thread 0x00000203ddd81f30 Exception <a 'sun/nio/fs/WindowsException'{0x00000000eab16570}> (0x00000000eab16570) 
thrown [s\src\hotspot\share\prims\jni.cpp, line 516]
Event: 59.664 Thread 0x00000203ddd7e270 Exception <a 'sun/nio/fs/WindowsException'{0x00000000eab02010}> (0x00000000eab02010) 
thrown [s\src\hotspot\share\prims\jni.cpp, line 516]
Event: 59.669 Thread 0x00000203ddd7e270 Exception <a 'sun/nio/fs/WindowsException'{0x00000000eab07fa8}> (0x00000000eab07fa8) 
thrown [s\src\hotspot\share\prims\jni.cpp, line 516]
Event: 59.671 Thread 0x00000203ddd7e270 Exception <a 'sun/nio/fs/WindowsException'{0x00000000eab0a0f0}> (0x00000000eab0a0f0) 
thrown [s\src\hotspot\share\prims\jni.cpp, line 516]
Event: 59.678 Thread 0x00000203ddd7e270 Exception <a 'sun/nio/fs/WindowsException'{0x00000000eab282b0}> (0x00000000eab282b0) 
thrown [s\src\hotspot\share\prims\jni.cpp, line 516]
Event: 59.683 Thread 0x00000203ddd7e270 Exception <a 'sun/nio/fs/WindowsException'{0x00000000eab6eec8}> (0x00000000eab6eec8) 
thrown [s\src\hotspot\share\prims\jni.cpp, line 516]
Event: 62.952 Thread 0x00000203ddd81f30 Exception <a 'java/lang/NoSuchMethodError'{0x00000000eac71740}: 'int java.lang.invoke.DirectMethodHandle$Holder.invokeSpecialIFC(java.lang.Object, java.lang.Object, java.lang.Object)'> (0x00000000eac71740) 
thrown [s\src\hotspot\share\interpreter\linkResolver.cpp, line 759]
Event: 64.173 Thread 0x00000203e16fa280 Implicit null exception at 0x00000203cdd0d1d7 to 0x00000203cdd0d8a8
Event: 64.238 Thread 0x00000203e16fa280 Exception <a 'java/lang/NoSuchMethodError'{0x00000000eabe0e88}: 'void java.lang.invoke.DirectMethodHandle$Holder.invokeStatic(java.lang.Object, int, java.lang.Object)'> (0x00000000eabe0e88) 
thrown [s\src\hotspot\share\interpreter\linkResolver.cpp, line 759]
Event: 64.281 Thread 0x00000203e16fa280 Exception <a 'java/lang/NoSuchMethodError'{0x00000000eac0c818}: 'int java.lang.invoke.DirectMethodHandle$Holder.invokeStatic(java.lang.Object, int, java.lang.Object)'> (0x00000000eac0c818) 
thrown [s\src\hotspot\share\interpreter\linkResolver.cpp, line 759]
Event: 64.317 Thread 0x00000203ddd81f30 Exception <a 'java/lang/NoSuchMethodError'{0x00000000eaeda520}: 'java.lang.Object java.lang.invoke.DirectMethodHandle$Holder.invokeInterface(java.lang.Object, java.lang.Object, java.lang.Object)'> (0x00000000eaeda520) 
thrown [s\src\hotspot\share\interpreter\linkResolver.cpp, line 759]
Event: 64.332 Thread 0x00000203ddd81f30 Exception <a 'java/lang/NoSuchMethodError'{0x00000000eab03a68}: 'java.lang.Object java.lang.invoke.DirectMethodHandle$Holder.newInvokeSpecial(java.lang.Object, java.lang.Object, int, int, java.lang.Object)'> (0x00000000eab03a68) 
thrown [s\src\hotspot\share\interpreter\linkResolver.cpp, line 759]
Event: 64.490 Thread 0x00000203ddd81f30 Exception <a 'sun/nio/fs/WindowsException'{0x00000000eab56250}> (0x00000000eab56250) 
thrown [s\src\hotspot\share\prims\jni.cpp, line 516]
Event: 64.491 Thread 0x00000203ddd7f1a0 Exception <a 'sun/nio/fs/WindowsException'{0x00000000eab762e0}> (0x00000000eab762e0) 
thrown [s\src\hotspot\share\prims\jni.cpp, line 516]
Event: 64.492 Thread 0x00000203ddd7f6b0 Exception <a 'sun/nio/fs/WindowsException'{0x00000000eab88d30}> (0x00000000eab88d30) 
thrown [s\src\hotspot\share\prims\jni.cpp, line 516]
Event: 65.024 Thread 0x00000203ddd81f30 Exception <a 'sun/nio/fs/WindowsException'{0x00000000eab30790}> (0x00000000eab30790) 
thrown [s\src\hotspot\share\prims\jni.cpp, line 516]
Event: 65.025 Thread 0x00000203ddd81f30 Exception <a 'sun/nio/fs/WindowsException'{0x00000000eaef7ea8}> (0x00000000eaef7ea8) 
thrown [s\src\hotspot\share\prims\jni.cpp, line 516]
Event: 65.026 Thread 0x00000203ddd81f30 Exception <a 'sun/nio/fs/WindowsException'{0x00000000eaef8868}> (0x00000000eaef8868) 
thrown [s\src\hotspot\share\prims\jni.cpp, line 516]
Event: 65.026 Thread 0x00000203ddd81f30 Exception <a 'sun/nio/fs/WindowsException'{0x00000000eaef8ea0}> (0x00000000eaef8ea0) 
thrown [s\src\hotspot\share\prims\jni.cpp, line 516]

VM Operations (20 events):
Event: 73.756 Executing VM operation: ParallelGCFailedAllocation
Event: 73.761 Executing VM operation: ParallelGCFailedAllocation done
Event: 73.885 Executing VM operation: ParallelGCFailedAllocation
Event: 73.889 Executing VM operation: ParallelGCFailedAllocation done
Event: 73.956 Executing VM operation: ParallelGCFailedAllocation
Event: 73.960 Executing VM operation: ParallelGCFailedAllocation done
Event: 74.000 Executing VM operation: ParallelGCFailedAllocation
Event: 74.004 Executing VM operation: ParallelGCFailedAllocation done
Event: 74.042 Executing VM operation: ParallelGCFailedAllocation
Event: 74.047 Executing VM operation: ParallelGCFailedAllocation done
Event: 74.068 Executing VM operation: ParallelGCFailedAllocation
Event: 74.072 Executing VM operation: ParallelGCFailedAllocation done
Event: 74.117 Executing VM operation: ParallelGCFailedAllocation
Event: 74.121 Executing VM operation: ParallelGCFailedAllocation done
Event: 74.198 Executing VM operation: ParallelGCFailedAllocation
Event: 74.204 Executing VM operation: ParallelGCFailedAllocation done
Event: 74.228 Executing VM operation: ParallelGCFailedAllocation
Event: 74.232 Executing VM operation: ParallelGCFailedAllocation done
Event: 74.482 Executing VM operation: ParallelGCFailedAllocation
Event: 74.488 Executing VM operation: ParallelGCFailedAllocation done

Memory protections (0 events):
No events

Nmethod flushes (20 events):
Event: 59.987 Thread 0x00000203dc84f490 flushing  nmethod 0x00000203c6ae9a10
Event: 59.987 Thread 0x00000203dc84f490 flushing  nmethod 0x00000203c6aec290
Event: 59.987 Thread 0x00000203dc84f490 flushing  nmethod 0x00000203c6af1e10
Event: 59.987 Thread 0x00000203dc84f490 flushing  nmethod 0x00000203c6afb490
Event: 59.987 Thread 0x00000203dc84f490 flushing  nmethod 0x00000203c6b04b90
Event: 59.987 Thread 0x00000203dc84f490 flushing  nmethod 0x00000203c6b05e10
Event: 59.987 Thread 0x00000203dc84f490 flushing  nmethod 0x00000203c6b06510
Event: 59.987 Thread 0x00000203dc84f490 flushing  nmethod 0x00000203c6b0a810
Event: 59.988 Thread 0x00000203dc84f490 flushing  nmethod 0x00000203c6b64310
Event: 59.988 Thread 0x00000203dc84f490 flushing  nmethod 0x00000203c6b64810
Event: 59.988 Thread 0x00000203dc84f490 flushing  nmethod 0x00000203c6b64f10
Event: 59.988 Thread 0x00000203dc84f490 flushing  nmethod 0x00000203c6b65710
Event: 59.988 Thread 0x00000203dc84f490 flushing  nmethod 0x00000203c6b69d10
Event: 59.988 Thread 0x00000203dc84f490 flushing  nmethod 0x00000203c6b6a410
Event: 59.988 Thread 0x00000203dc84f490 flushing  nmethod 0x00000203c6b78e90
Event: 59.988 Thread 0x00000203dc84f490 flushing  nmethod 0x00000203c6b79410
Event: 59.988 Thread 0x00000203dc84f490 flushing  nmethod 0x00000203c6b79910
Event: 59.988 Thread 0x00000203dc84f490 flushing  nmethod 0x00000203c6b7a110
Event: 59.988 Thread 0x00000203dc84f490 flushing  nmethod 0x00000203c6b7ad90
Event: 59.988 Thread 0x00000203dc84f490 flushing  nmethod 0x00000203c6b81810

Events (20 events):
Event: 38.164 Thread 0x00000203de2c5490 Thread added: 0x00000203ddd7e780
Event: 44.042 Thread 0x00000203ded54c20 Thread exited: 0x00000203ded54c20
Event: 48.187 Thread 0x00000203ddd7e780 Thread exited: 0x00000203ddd7e780
Event: 59.623 Thread 0x00000203ddd81f30 Thread added: 0x00000203ddd7e270
Event: 59.667 Thread 0x00000203ddd7e270 Thread added: 0x00000203ddd7e780
Event: 59.669 Thread 0x00000203ddd7e270 Thread added: 0x00000203ddd7f1a0
Event: 59.692 Thread 0x00000203ddd7e270 Thread added: 0x00000203ddd7f6b0
Event: 59.911 Thread 0x00000203ddd81f30 Thread added: 0x00000203ddd7fbc0
Event: 59.912 Thread 0x00000203ddd81f30 Thread added: 0x00000203de2c4050
Event: 59.912 Thread 0x00000203ddd81f30 Thread added: 0x00000203de2c4560
Event: 59.912 Thread 0x00000203ddd81f30 Thread added: 0x00000203e16f8e40
Event: 63.956 Thread 0x00000203ddd81f30 Thread added: 0x00000203e16fa280
Event: 64.337 Thread 0x00000203ddd81f30 Thread added: 0x00000203e16fa790
Event: 64.390 Thread 0x00000203ddd81f30 Thread added: 0x00000203e16f7a00
Event: 64.421 Thread 0x00000203ddd81f30 Thread added: 0x00000203e16f6fe0
Event: 64.459 Thread 0x00000203ddd81f30 Thread added: 0x00000203e16f74f0
Event: 64.492 Thread 0x00000203ddd7f1a0 Thread added: 0x00000203e16f9350
Event: 64.493 Thread 0x00000203ddd7f6b0 Thread added: 0x00000203e16f7f10
Event: 64.506 Thread 0x00000203ddd81f30 Thread added: 0x00000203e16f8930
Event: 64.992 Thread 0x00000203ddd81f30 Thread added: 0x00000203e16f9d70


Dynamic libraries:
0x00007ff7a2620000 - 0x00007ff7a262e000 	c:\Users\suder\.vscode\extensions\redhat.java-1.38.0-win32-x64\jre\17.0.13-win32-x86_64\bin\java.exe
0x00007ff8f4eb0000 - 0x00007ff8f50c7000 	C:\Windows\SYSTEM32\ntdll.dll
0x00007ff8f4d90000 - 0x00007ff8f4e54000 	C:\Windows\System32\KERNEL32.DLL
0x00007ff8f2750000 - 0x00007ff8f2b0a000 	C:\Windows\System32\KERNELBASE.dll
0x00007ff8f25b0000 - 0x00007ff8f26c1000 	C:\Windows\System32\ucrtbase.dll
0x00007ff8c51f0000 - 0x00007ff8c5207000 	c:\Users\suder\.vscode\extensions\redhat.java-1.38.0-win32-x64\jre\17.0.13-win32-x86_64\bin\jli.dll
0x00007ff8c3bf0000 - 0x00007ff8c3c0e000 	c:\Users\suder\.vscode\extensions\redhat.java-1.38.0-win32-x64\jre\17.0.13-win32-x86_64\bin\VCRUNTIME140.dll
0x00007ff8f3ed0000 - 0x00007ff8f407e000 	C:\Windows\System32\USER32.dll
0x00007ff8f23a0000 - 0x00007ff8f23c6000 	C:\Windows\System32\win32u.dll
0x00007ff8e1c10000 - 0x00007ff8e1ea2000 	C:\Windows\WinSxS\amd64_microsoft.windows.common-controls_6595b64144ccf1df_6.0.22621.4541_none_2710d1c57384c085\COMCTL32.dll
0x00007ff8f2ea0000 - 0x00007ff8f2ec9000 	C:\Windows\System32\GDI32.dll
0x00007ff8f4410000 - 0x00007ff8f44b7000 	C:\Windows\System32\msvcrt.dll
0x00007ff8f2490000 - 0x00007ff8f25ab000 	C:\Windows\System32\gdi32full.dll
0x00007ff8f2b10000 - 0x00007ff8f2baa000 	C:\Windows\System32\msvcp_win.dll
0x00007ff8f33f0000 - 0x00007ff8f3421000 	C:\Windows\System32\IMM32.DLL
0x00007ff8d4a90000 - 0x00007ff8d4a9c000 	c:\Users\suder\.vscode\extensions\redhat.java-1.38.0-win32-x64\jre\17.0.13-win32-x86_64\bin\vcruntime140_1.dll
0x00007ff88f620000 - 0x00007ff88f6ad000 	c:\Users\suder\.vscode\extensions\redhat.java-1.38.0-win32-x64\jre\17.0.13-win32-x86_64\bin\msvcp140.dll
0x00007ff8585b0000 - 0x00007ff85921b000 	c:\Users\suder\.vscode\extensions\redhat.java-1.38.0-win32-x64\jre\17.0.13-win32-x86_64\bin\server\jvm.dll
0x00007ff8f49a0000 - 0x00007ff8f4a52000 	C:\Windows\System32\ADVAPI32.dll
0x00007ff8f4a60000 - 0x00007ff8f4b07000 	C:\Windows\System32\sechost.dll
0x00007ff8f2200000 - 0x00007ff8f2228000 	C:\Windows\System32\bcrypt.dll
0x00007ff8f2d80000 - 0x00007ff8f2e94000 	C:\Windows\System32\RPCRT4.dll
0x00007ff8f3e50000 - 0x00007ff8f3ec1000 	C:\Windows\System32\WS2_32.dll
0x00007ff8f1af0000 - 0x00007ff8f1b3d000 	C:\Windows\SYSTEM32\POWRPROF.dll
0x00007ff8ead30000 - 0x00007ff8ead64000 	C:\Windows\SYSTEM32\WINMM.dll
0x00007ff8e21c0000 - 0x00007ff8e21ca000 	C:\Windows\SYSTEM32\VERSION.dll
0x00007ff8f1a90000 - 0x00007ff8f1aa3000 	C:\Windows\SYSTEM32\UMPDC.dll
0x00007ff8f1190000 - 0x00007ff8f11a8000 	C:\Windows\SYSTEM32\kernel.appcore.dll
0x00007ff8d37b0000 - 0x00007ff8d37ba000 	c:\Users\suder\.vscode\extensions\redhat.java-1.38.0-win32-x64\jre\17.0.13-win32-x86_64\bin\jimage.dll
0x00007ff8e3cb0000 - 0x00007ff8e3ee2000 	C:\Windows\SYSTEM32\DBGHELP.DLL
0x00007ff8f2ed0000 - 0x00007ff8f325f000 	C:\Windows\System32\combase.dll
0x00007ff8f4080000 - 0x00007ff8f4157000 	C:\Windows\System32\OLEAUT32.dll
0x00007ff8d0360000 - 0x00007ff8d0392000 	C:\Windows\SYSTEM32\dbgcore.DLL
0x00007ff8f2180000 - 0x00007ff8f21fb000 	C:\Windows\System32\bcryptPrimitives.dll
0x00007ff8c8bf0000 - 0x00007ff8c8bfe000 	c:\Users\suder\.vscode\extensions\redhat.java-1.38.0-win32-x64\jre\17.0.13-win32-x86_64\bin\instrument.dll
0x00007ff8b4d60000 - 0x00007ff8b4d85000 	c:\Users\suder\.vscode\extensions\redhat.java-1.38.0-win32-x64\jre\17.0.13-win32-x86_64\bin\java.dll
0x00007ff8b7030000 - 0x00007ff8b7048000 	c:\Users\suder\.vscode\extensions\redhat.java-1.38.0-win32-x64\jre\17.0.13-win32-x86_64\bin\zip.dll
0x00007ff8f3480000 - 0x00007ff8f3cf8000 	C:\Windows\System32\SHELL32.dll
0x00007ff8f0070000 - 0x00007ff8f0978000 	C:\Windows\SYSTEM32\windows.storage.dll
0x00007ff8eff30000 - 0x00007ff8f006f000 	C:\Windows\SYSTEM32\wintypes.dll
0x00007ff8f4310000 - 0x00007ff8f440a000 	C:\Windows\System32\SHCORE.dll
0x00007ff8f4b10000 - 0x00007ff8f4b6e000 	C:\Windows\System32\shlwapi.dll
0x00007ff8f20b0000 - 0x00007ff8f20db000 	C:\Windows\SYSTEM32\profapi.dll
0x00007ff8b4d40000 - 0x00007ff8b4d59000 	C:\Users\suder\.vscode\extensions\redhat.java-1.38.0-win32-x64\jre\17.0.13-win32-x86_64\bin\net.dll
0x00007ff8ebf30000 - 0x00007ff8ec066000 	C:\Windows\SYSTEM32\WINHTTP.dll
0x00007ff8f1620000 - 0x00007ff8f1689000 	C:\Windows\system32\mswsock.dll
0x00007ff8b2860000 - 0x00007ff8b2876000 	C:\Users\suder\.vscode\extensions\redhat.java-1.38.0-win32-x64\jre\17.0.13-win32-x86_64\bin\nio.dll
0x00007ff8c71b0000 - 0x00007ff8c71c0000 	c:\Users\suder\.vscode\extensions\redhat.java-1.38.0-win32-x64\jre\17.0.13-win32-x86_64\bin\verify.dll
0x00007ff88f190000 - 0x00007ff88f1d5000 	C:\Users\suder\AppData\Roaming\Code\User\globalStorage\redhat.java\1.38.0\config_win\org.eclipse.equinox.launcher\org.eclipse.equinox.launcher.win32.win32.x86_64_1.2.1100.v20240722-2106\eclipse_11904.dll
0x00007ff8f4160000 - 0x00007ff8f4305000 	C:\Windows\System32\ole32.dll
0x00007ff8f1890000 - 0x00007ff8f18ab000 	C:\Windows\SYSTEM32\CRYPTSP.dll
0x00007ff8f10f0000 - 0x00007ff8f1125000 	C:\Windows\system32\rsaenh.dll
0x00007ff8f1730000 - 0x00007ff8f1758000 	C:\Windows\SYSTEM32\USERENV.dll
0x00007ff8f18b0000 - 0x00007ff8f18bc000 	C:\Windows\SYSTEM32\CRYPTBASE.dll
0x00007ff8f0bd0000 - 0x00007ff8f0bfd000 	C:\Windows\SYSTEM32\IPHLPAPI.DLL
0x00007ff8f3db0000 - 0x00007ff8f3db9000 	C:\Windows\System32\NSI.dll
0x00007ff8eb390000 - 0x00007ff8eb3a9000 	C:\Windows\SYSTEM32\dhcpcsvc6.DLL
0x00007ff8eb370000 - 0x00007ff8eb38f000 	C:\Windows\SYSTEM32\dhcpcsvc.DLL
0x00007ff8f0c00000 - 0x00007ff8f0d02000 	C:\Windows\SYSTEM32\DNSAPI.dll
0x00007ff8791e0000 - 0x00007ff879229000 	C:\Users\suder\AppData\Local\Temp\jna-109789807\jna7291798553372935277.dll
0x00007ff8f2bb0000 - 0x00007ff8f2bb8000 	C:\Windows\System32\PSAPI.DLL
0x00007ff8c5850000 - 0x00007ff8c585e000 	C:\Users\suder\.vscode\extensions\redhat.java-1.38.0-win32-x64\jre\17.0.13-win32-x86_64\bin\sunmscapi.dll
0x00007ff8f2230000 - 0x00007ff8f2396000 	C:\Windows\System32\CRYPT32.dll
0x00007ff8f1b40000 - 0x00007ff8f1b6d000 	C:\Windows\SYSTEM32\ncrypt.dll
0x00007ff8f1ab0000 - 0x00007ff8f1ae7000 	C:\Windows\SYSTEM32\NTASN1.dll
0x00007ff8ea560000 - 0x00007ff8ea56a000 	C:\Windows\System32\rasadhlp.dll
0x00007ff8ea0b0000 - 0x00007ff8ea133000 	C:\Windows\System32\fwpuclnt.dll
0x00007ff8bf9b0000 - 0x00007ff8bf9b9000 	C:\Users\suder\.vscode\extensions\redhat.java-1.38.0-win32-x64\jre\17.0.13-win32-x86_64\bin\extnet.dll

dbghelp: loaded successfully - version: 4.0.5 - missing functions: none
symbol engine: initialized successfully - sym options: 0x614 - pdb path: .;c:\Users\suder\.vscode\extensions\redhat.java-1.38.0-win32-x64\jre\17.0.13-win32-x86_64\bin;C:\Windows\SYSTEM32;C:\Windows\WinSxS\amd64_microsoft.windows.common-controls_6595b64144ccf1df_6.0.22621.4541_none_2710d1c57384c085;c:\Users\suder\.vscode\extensions\redhat.java-1.38.0-win32-x64\jre\17.0.13-win32-x86_64\bin\server;C:\Users\suder\AppData\Roaming\Code\User\globalStorage\redhat.java\1.38.0\config_win\org.eclipse.equinox.launcher\org.eclipse.equinox.launcher.win32.win32.x86_64_1.2.1100.v20240722-2106;C:\Users\suder\AppData\Local\Temp\jna-109789807

VM Arguments:
jvm_args: --add-modules=ALL-SYSTEM --add-opens=java.base/java.util=ALL-UNNAMED --add-opens=java.base/java.lang=ALL-UNNAMED --add-opens=java.base/sun.nio.fs=ALL-UNNAMED -Declipse.application=org.eclipse.jdt.ls.core.id1 -Dosgi.bundles.defaultStartLevel=4 -Declipse.product=org.eclipse.jdt.ls.core.product -Djava.import.generatesMetadataFilesAtProjectRoot=false -DDetectVMInstallationsJob.disabled=true -Dfile.encoding=utf8 -XX:+UseParallelGC -XX:GCTimeRatio=4 -XX:AdaptiveSizePolicyWeight=90 -Dsun.zip.disableMemoryMapping=true -Xmx1G -Xms100m -Xlog:disable -javaagent:c:\Users\suder\.vscode\extensions\redhat.java-1.38.0-win32-x64\lombok\lombok-1.18.34.jar -XX:+HeapDumpOnOutOfMemoryError -XX:HeapDumpPath=c:\Users\suder\AppData\Roaming\Code\User\workspaceStorage\9de31b2568cc94b8fe881a6aa0c302a1\redhat.java -Daether.dependencyCollector.impl=bf 
java_command: c:\Users\suder\.vscode\extensions\redhat.java-1.38.0-win32-x64\server\plugins\org.eclipse.equinox.launcher_1.6.900.v20240613-2009.jar -configuration c:\Users\suder\AppData\Roaming\Code\User\globalStorage\redhat.java\1.38.0\config_win -data c:\Users\suder\AppData\Roaming\Code\User\workspaceStorage\9de31b2568cc94b8fe881a6aa0c302a1\redhat.java\jdt_ws --pipe=\\.\pipe\lsp-6426c1dcbe9df902e9b7d450219d4a58-sock
java_class_path (initial): c:\Users\suder\.vscode\extensions\redhat.java-1.38.0-win32-x64\server\plugins\org.eclipse.equinox.launcher_1.6.900.v20240613-2009.jar
Launcher Type: SUN_STANDARD

[Global flags]
    uintx AdaptiveSizePolicyWeight                 = 90                                        {product} {command line}
     intx CICompilerCount                          = 4                                         {product} {ergonomic}
    uintx GCTimeRatio                              = 4                                         {product} {command line}
     bool HeapDumpOnOutOfMemoryError               = true                                   {manageable} {command line}
    ccstr HeapDumpPath                             = c:\Users\suder\AppData\Roaming\Code\User\workspaceStorage\9de31b2568cc94b8fe881a6aa0c302a1\redhat.java         {manageable} {command line}
   size_t InitialHeapSize                          = 104857600                                 {product} {command line}
   size_t MaxHeapSize                              = 1073741824                                {product} {command line}
   size_t MaxNewSize                               = 357564416                                 {product} {ergonomic}
   size_t MinHeapDeltaBytes                        = 524288                                    {product} {ergonomic}
   size_t MinHeapSize                              = 104857600                                 {product} {command line}
   size_t NewSize                                  = 34603008                                  {product} {ergonomic}
    uintx NonNMethodCodeHeapSize                   = 5839372                                {pd product} {ergonomic}
    uintx NonProfiledCodeHeapSize                  = 122909434                              {pd product} {ergonomic}
   size_t OldSize                                  = 70254592                                  {product} {ergonomic}
    uintx ProfiledCodeHeapSize                     = 122909434                              {pd product} {ergonomic}
    uintx ReservedCodeCacheSize                    = 251658240                              {pd product} {ergonomic}
     bool SegmentedCodeCache                       = true                                      {product} {ergonomic}
   size_t SoftMaxHeapSize                          = 1073741824                             {manageable} {ergonomic}
     bool UseCompressedClassPointers               = true                           {product lp64_product} {ergonomic}
     bool UseCompressedOops                        = true                           {product lp64_product} {ergonomic}
     bool UseLargePagesIndividualAllocation        = false                                  {pd product} {ergonomic}
     bool UseParallelGC                            = true                                      {product} {command line}

Logging:
Log output configuration:
 #0: stdout all=off uptime,level,tags
 #1: stderr all=off uptime,level,tags

Environment Variables:
PATH=C:\Program Files\Common Files\Oracle\Java\javapath;C:\Program Files (x86)\Common Files\Oracle\Java\java8path;C:\Program Files (x86)\Common Files\Oracle\Java\javapath;C:\Program Files (x86)\VMware\VMware Player\bin\;C:\Windows\system32;C:\Windows;C:\Windows\System32\Wbem;C:\Windows\System32\WindowsPowerShell\v1.0\;C:\Windows\System32\OpenSSH\;C:\Program Files\Git\cmd;C:\Program Files\Docker\Docker\resources\bin;C:\Program Files (x86)\Bulk Extractor 1.5.5\python;C:\Program Files (x86)\Bulk Extractor 1.5.5\32-bit;C:\Program Files (x86)\Bulk Extractor 1.5.5\64-bit;C:\Program Files\nodejs\;C:\Program Files\nodejs\npm.ps1;C:\Program Files\PuTTY\;C:\Program Files\Amazon\AWSCLIV2\;C:\Program Files\MySQL\MySQL Shell 8.0\bin\;C:\Users\suder\AppData\Local\activestate\cache\bin;C:\Users\suder\AppData\Local\ActiveState\StateTool\release\bin;C:\Users\suder\AppData\Local\Microsoft\WindowsApps;C:\Users\suder\AppData\Local\Programs\Microsoft VS Code\bin;C:\Users\suder\AppData\Local\GitHubDesktop\bin;C:\Users\suder\AppData\Roaming\npm;C:\Program Files\nodejs\npm.ps1;
USERNAME=suder
OS=Windows_NT
PROCESSOR_IDENTIFIER=Intel64 Family 6 Model 190 Stepping 0, GenuineIntel
TMP=C:\Users\suder\AppData\Local\Temp
TEMP=C:\Users\suder\AppData\Local\Temp



Periodic native trim disabled


---------------  S Y S T E M  ---------------

OS:
 Windows 11 , 64 bit Build 22621 (10.0.22621.4391)
OS uptime: 8 days 10:29 hours
Hyper-V role detected

CPU: total 8 (initial active 8) (8 cores per cpu, 1 threads per core) family 6 model 190 stepping 0 microcode 0xf, cx8, cmov, fxsr, mmx, 3dnowpref, sse, sse2, sse3, ssse3, sse4.1, sse4.2, popcnt, lzcnt, tsc, tscinvbit, avx, avx2, aes, erms, clmul, bmi1, bmi2, adx, sha, fma, vzeroupper, clflush, clflushopt, clwb, hv
Processor Information for processor 0
  Max Mhz: 1800, Current Mhz: 1500, Mhz Limit: 1800
Processor Information for processor 1
  Max Mhz: 1800, Current Mhz: 1800, Mhz Limit: 1800
Processor Information for processor 2
  Max Mhz: 1800, Current Mhz: 1800, Mhz Limit: 1800
Processor Information for processor 3
  Max Mhz: 1800, Current Mhz: 1800, Mhz Limit: 1800
Processor Information for processor 4
  Max Mhz: 1800, Current Mhz: 1800, Mhz Limit: 1800
Processor Information for processor 5
  Max Mhz: 1800, Current Mhz: 1800, Mhz Limit: 1800
Processor Information for processor 6
  Max Mhz: 1800, Current Mhz: 1500, Mhz Limit: 1800
Processor Information for processor 7
  Max Mhz: 1800, Current Mhz: 1500, Mhz Limit: 1800

Memory: 4k page, system-wide physical 7812M (209M free)
TotalPageFile size 13377M (AvailPageFile size 17M)
current process WorkingSet (physical memory assigned to process): 566M, peak: 566M
current process commit charge ("private bytes"): 525M, peak: 528M

vm_info: OpenJDK 64-Bit Server VM (17.0.13+11) for windows-amd64 JRE (17.0.13+11), built on Oct 16 2024 00:10:08 by "admin" with MS VC++ 17.7 (VS2022)

END.
